This file contains any messages produced by compilers while
running configure, to aid debugging if configure makes a mistake.

It was created by gperftools configure 2.10, which was
generated by GNU Autoconf 2.71.  Invocation command line was

  $ ./configure --enable-minimal --prefix=/var/tmp/usr/FIRE/extra/gperftools-2.10/../../usr/

## --------- ##
## Platform. ##
## --------- ##

hostname = login5
uname -m = x86_64
uname -r = 2.6.32-358.el6.x86_64
uname -s = Linux
uname -v = #1 SMP Fri Feb 22 00:31:26 UTC 2013

/usr/bin/uname -p = unknown
/bin/uname -X     = unknown

/bin/arch              = x86_64
/usr/bin/arch -k       = unknown
/usr/convex/getsysinfo = unknown
/usr/bin/hostinfo      = unknown
/bin/machine           = unknown
/usr/bin/oslevel       = unknown
/bin/universe          = unknown

PATH: /var/tmp/usr/bin/
PATH: /var/tmp/gnu/bin/
PATH: /home/SCGRID/user1890/.tgz/bin/
PATH: /home/SCGRID/user1890/.bin/
PATH: ./
PATH: /soft/dispatcher/unischeduler/bin/linux-x86_64/
PATH: /soft/dispatcher/unischeduler/bin/linux-x86_64/../
PATH: /soft/dispatcher/unischeduler/jhlava/bin/linux-x86_64/
PATH: /soft/dispatcher/unischeduler/jhlava/bin/linux-x86_64/../
PATH: /opt/clusconf/bin/
PATH: /usr/lib64/qt-3.3/bin/
PATH: /soft/dispatcher/unischeduler/bin/linux-x86_64/
PATH: /soft/dispatcher/unischeduler/bin/linux-x86_64/../
PATH: /soft/dispatcher/unischeduler/jhlava/bin/linux-x86_64/
PATH: /soft/dispatcher/unischeduler/jhlava/bin/linux-x86_64/../
PATH: /opt/clusconf/bin/
PATH: /usr/local/sbin/
PATH: /usr/bin/
PATH: /bin/
PATH: /usr/sbin/
PATH: /sbin/
PATH: /usr/local/openssh-6.8p1/bin/
PATH: /soft/apps/Paid/amber/14/amber14/bin/
PATH: /opt/ibutils/bin/
PATH: /soft/.sys/bin/
PATH: /root/bin/
PATH: /usr/cvfs/bin/


## ----------- ##
## Core tests. ##
## ----------- ##

configure:2973: looking for aux files: ltmain.sh compile missing install-sh config.guess config.sub
configure:2986:  trying ./
configure:3015:   ./ltmain.sh found
configure:3015:   ./compile found
configure:3015:   ./missing found
configure:2997:   ./install-sh found
configure:3015:   ./config.guess found
configure:3015:   ./config.sub found
configure:3147: checking build system type
configure:3162: result: x86_64-pc-linux-gnu
configure:3182: checking host system type
configure:3196: result: x86_64-pc-linux-gnu
configure:3233: checking for a BSD-compatible install
configure:3306: result: /usr/bin/install -c
configure:3317: checking whether build environment is sane
configure:3372: result: yes
configure:3531: checking for a race-free mkdir -p
configure:3575: result: /bin/mkdir -p
configure:3582: checking for gawk
configure:3603: found /usr/bin/gawk
configure:3614: result: gawk
configure:3625: checking whether make sets $(MAKE)
configure:3648: result: yes
configure:3678: checking whether make supports nested variables
configure:3696: result: yes
configure:3836: checking whether to enable maintainer-specific portions of Makefiles
configure:3846: result: no
configure:3873: checking for git
configure:3896: found /usr/bin/git
configure:3909: result: /usr/bin/git
configure:3991: checking whether make supports the include directive
configure:4006: make -f confmf.GNU && cat confinc.out
make[1]: Entering directory `/var/tmp/usr/FIRE/extra/gperftools-2.10'
make[1]: Leaving directory `/var/tmp/usr/FIRE/extra/gperftools-2.10'
this is the am__doit target
configure:4009: $? = 0
configure:4028: result: yes (GNU style)
configure:4104: checking for gcc
configure:4125: found /var/tmp/gnu/bin/gcc
configure:4136: result: gcc
configure:4489: checking for C compiler version
configure:4498: gcc --version >&5
gcc (GCC) 10.3.0
Copyright (C) 2020 Free Software Foundation, Inc.
This is free software; see the source for copying conditions.  There is NO
warranty; not even for MERCHANTABILITY or FITNESS FOR A PARTICULAR PURPOSE.

configure:4509: $? = 0
configure:4498: gcc -v >&5
Using built-in specs.
COLLECT_GCC=gcc
COLLECT_LTO_WRAPPER=/var/tmp/gnu/libexec/gcc/x86_64-pc-linux-gnu/10.3.0/lto-wrapper
Target: x86_64-pc-linux-gnu
Configured with: ../configure --enable-languages=c,c++,fortran --enable-checking=release --disable-multilib --prefix=/var/tmp/gnu --with-binutils=/var/tmp/gnu
Thread model: posix
Supported LTO compression algorithms: zlib
gcc version 10.3.0 (GCC) 
configure:4509: $? = 0
configure:4498: gcc -V >&5
gcc: error: unrecognized command-line option '-V'
gcc: fatal error: no input files
compilation terminated.
configure:4509: $? = 1
configure:4498: gcc -qversion >&5
gcc: error: unrecognized command-line option '-qversion'; did you mean '--version'?
gcc: fatal error: no input files
compilation terminated.
configure:4509: $? = 1
configure:4498: gcc -version >&5
gcc: error: unrecognized command-line option '-version'
gcc: fatal error: no input files
compilation terminated.
configure:4509: $? = 1
configure:4529: checking whether the C compiler works
configure:4551: gcc    conftest.c  >&5
configure:4555: $? = 0
configure:4605: result: yes
configure:4608: checking for C compiler default output file name
configure:4610: result: a.out
configure:4616: checking for suffix of executables
configure:4623: gcc -o conftest    conftest.c  >&5
configure:4627: $? = 0
configure:4650: result: 
configure:4672: checking whether we are cross compiling
configure:4680: gcc -o conftest    conftest.c  >&5
configure:4684: $? = 0
configure:4691: ./conftest
configure:4695: $? = 0
configure:4710: result: no
configure:4715: checking for suffix of object files
configure:4738: gcc -c   conftest.c >&5
configure:4742: $? = 0
configure:4764: result: o
configure:4768: checking whether the compiler supports GNU C
configure:4788: gcc -c   conftest.c >&5
configure:4788: $? = 0
configure:4798: result: yes
configure:4809: checking whether gcc accepts -g
configure:4830: gcc -c -g  conftest.c >&5
configure:4830: $? = 0
configure:4874: result: yes
configure:4894: checking for gcc option to enable C11 features
configure:4909: gcc  -c -g -O2  conftest.c >&5
configure:4909: $? = 0
configure:4927: result: none needed
configure:5043: checking whether gcc understands -c and -o together
configure:5066: gcc -c conftest.c -o conftest2.o
configure:5069: $? = 0
configure:5066: gcc -c conftest.c -o conftest2.o
configure:5069: $? = 0
configure:5081: result: yes
configure:5100: checking dependency style of gcc
configure:5212: result: gcc3
configure:5244: gcc -c -g -O2  conftest.c >&5
conftest.c: In function 'main':
conftest.c:17:2: error: #error not s390 and not osx
   17 | #error not s390 and not osx
      |  ^~~~~
configure:5244: $? = 1
configure: failed program was:
| /* confdefs.h */
| #define PACKAGE_NAME "gperftools"
| #define PACKAGE_TARNAME "gperftools"
| #define PACKAGE_VERSION "2.10"
| #define PACKAGE_STRING "gperftools 2.10"
| #define PACKAGE_BUGREPORT "gperftools@googlegroups.com"
| #define PACKAGE_URL ""
| #define PACKAGE "gperftools"
| #define VERSION "2.10"
| /* end confdefs.h.  */
| 
| int
| main (void)
| {
| 
| #if !defined(__s390__) && !defined(__APPLE__)
| #error not s390 and not osx
| #endif
| return 1
| 
|   ;
|   return 0;
| }
configure:5266: gcc -c -g -O2  conftest.c >&5
conftest.c: In function 'main':
conftest.c:15:8: error: '__PPC64__' undeclared (first use in this function)
   15 | return __PPC64__
      |        ^~~~~~~~~
conftest.c:15:8: note: each undeclared identifier is reported only once for each function it appears in
configure:5266: $? = 1
configure: failed program was:
| /* confdefs.h */
| #define PACKAGE_NAME "gperftools"
| #define PACKAGE_TARNAME "gperftools"
| #define PACKAGE_VERSION "2.10"
| #define PACKAGE_STRING "gperftools 2.10"
| #define PACKAGE_BUGREPORT "gperftools@googlegroups.com"
| #define PACKAGE_URL ""
| #define PACKAGE "gperftools"
| #define VERSION "2.10"
| /* end confdefs.h.  */
| 
| int
| main (void)
| {
| return __PPC64__
|   ;
|   return 0;
| }
configure:5466: checking for g++
configure:5487: found /var/tmp/gnu/bin/g++
configure:5498: result: g++
configure:5525: checking for C++ compiler version
configure:5534: g++ --version >&5
g++ (GCC) 10.3.0
Copyright (C) 2020 Free Software Foundation, Inc.
This is free software; see the source for copying conditions.  There is NO
warranty; not even for MERCHANTABILITY or FITNESS FOR A PARTICULAR PURPOSE.

configure:5545: $? = 0
configure:5534: g++ -v >&5
Using built-in specs.
COLLECT_GCC=g++
COLLECT_LTO_WRAPPER=/var/tmp/gnu/libexec/gcc/x86_64-pc-linux-gnu/10.3.0/lto-wrapper
Target: x86_64-pc-linux-gnu
Configured with: ../configure --enable-languages=c,c++,fortran --enable-checking=release --disable-multilib --prefix=/var/tmp/gnu --with-binutils=/var/tmp/gnu
Thread model: posix
Supported LTO compression algorithms: zlib
gcc version 10.3.0 (GCC) 
configure:5545: $? = 0
configure:5534: g++ -V >&5
g++: error: unrecognized command-line option '-V'
g++: fatal error: no input files
compilation terminated.
configure:5545: $? = 1
configure:5534: g++ -qversion >&5
g++: error: unrecognized command-line option '-qversion'; did you mean '--version'?
g++: fatal error: no input files
compilation terminated.
configure:5545: $? = 1
configure:5549: checking whether the compiler supports GNU C++
configure:5569: g++ -c   conftest.cpp >&5
configure:5569: $? = 0
configure:5579: result: yes
configure:5590: checking whether g++ accepts -g
configure:5611: g++ -c -g  conftest.cpp >&5
configure:5611: $? = 0
configure:5655: result: yes
configure:5675: checking for g++ option to enable C++11 features
configure:5690: g++  -c -g -O2  conftest.cpp >&5
configure:5690: $? = 0
configure:5708: result: none needed
configure:5774: checking dependency style of g++
configure:5886: result: gcc3
configure:5954: checking for gcc
configure:5986: result: gcc
configure:6339: checking for C compiler version
configure:6348: gcc --version >&5
gcc (GCC) 10.3.0
Copyright (C) 2020 Free Software Foundation, Inc.
This is free software; see the source for copying conditions.  There is NO
warranty; not even for MERCHANTABILITY or FITNESS FOR A PARTICULAR PURPOSE.

configure:6359: $? = 0
configure:6348: gcc -v >&5
Using built-in specs.
COLLECT_GCC=gcc
COLLECT_LTO_WRAPPER=/var/tmp/gnu/libexec/gcc/x86_64-pc-linux-gnu/10.3.0/lto-wrapper
Target: x86_64-pc-linux-gnu
Configured with: ../configure --enable-languages=c,c++,fortran --enable-checking=release --disable-multilib --prefix=/var/tmp/gnu --with-binutils=/var/tmp/gnu
Thread model: posix
Supported LTO compression algorithms: zlib
gcc version 10.3.0 (GCC) 
configure:6359: $? = 0
configure:6348: gcc -V >&5
gcc: error: unrecognized command-line option '-V'
gcc: fatal error: no input files
compilation terminated.
configure:6359: $? = 1
configure:6348: gcc -qversion >&5
gcc: error: unrecognized command-line option '-qversion'; did you mean '--version'?
gcc: fatal error: no input files
compilation terminated.
configure:6359: $? = 1
configure:6348: gcc -version >&5
gcc: error: unrecognized command-line option '-version'
gcc: fatal error: no input files
compilation terminated.
configure:6359: $? = 1
configure:6363: checking whether the compiler supports GNU C
configure:6393: result: yes
configure:6404: checking whether gcc accepts -g
configure:6469: result: yes
configure:6489: checking for gcc option to enable C11 features
configure:6522: result: none needed
configure:6638: checking whether gcc understands -c and -o together
configure:6676: result: yes
configure:6695: checking dependency style of gcc
configure:6807: result: gcc3
configure:6827: checking how to run the C preprocessor
configure:6853: gcc -E  conftest.c
configure:6853: $? = 0
configure:6868: gcc -E  conftest.c
conftest.c:11:10: fatal error: ac_nonexistent.h: No such file or directory
   11 | #include <ac_nonexistent.h>
      |          ^~~~~~~~~~~~~~~~~~
compilation terminated.
configure:6868: $? = 1
configure: failed program was:
| /* confdefs.h */
| #define PACKAGE_NAME "gperftools"
| #define PACKAGE_TARNAME "gperftools"
| #define PACKAGE_VERSION "2.10"
| #define PACKAGE_STRING "gperftools 2.10"
| #define PACKAGE_BUGREPORT "gperftools@googlegroups.com"
| #define PACKAGE_URL ""
| #define PACKAGE "gperftools"
| #define VERSION "2.10"
| /* end confdefs.h.  */
| #include <ac_nonexistent.h>
configure:6895: result: gcc -E
configure:6909: gcc -E  conftest.c
configure:6909: $? = 0
configure:6924: gcc -E  conftest.c
conftest.c:11:10: fatal error: ac_nonexistent.h: No such file or directory
   11 | #include <ac_nonexistent.h>
      |          ^~~~~~~~~~~~~~~~~~
compilation terminated.
configure:6924: $? = 1
configure: failed program was:
| /* confdefs.h */
| #define PACKAGE_NAME "gperftools"
| #define PACKAGE_TARNAME "gperftools"
| #define PACKAGE_VERSION "2.10"
| #define PACKAGE_STRING "gperftools 2.10"
| #define PACKAGE_BUGREPORT "gperftools@googlegroups.com"
| #define PACKAGE_URL ""
| #define PACKAGE "gperftools"
| #define VERSION "2.10"
| /* end confdefs.h.  */
| #include <ac_nonexistent.h>
configure:6977: checking whether g++ supports C++11 features with -std=gnu++11
configure:7274: g++ -std=gnu++11 -c -g -O2  conftest.cpp >&5
configure:7274: $? = 0
configure:7284: result: yes
configure:7371: checking for objcopy
configure:7392: found /var/tmp/gnu/bin/objcopy
configure:7403: result: objcopy
configure:7427: checking if objcopy supports -W
configure:7444: gcc -o conftest -g -O2   conftest.c  >&5
conftest.c:14:1: error: redefinition of 'main'
   14 | main (void)
      | ^~~~
conftest.c:12:19: note: previous definition of 'main' was here
   12 | void foo() {} int main() {return 0;}
      |                   ^~~~
configure:7444: $? = 1
configure: failed program was:
| /* confdefs.h */
| #define PACKAGE_NAME "gperftools"
| #define PACKAGE_TARNAME "gperftools"
| #define PACKAGE_VERSION "2.10"
| #define PACKAGE_STRING "gperftools 2.10"
| #define PACKAGE_BUGREPORT "gperftools@googlegroups.com"
| #define PACKAGE_URL ""
| #define PACKAGE "gperftools"
| #define VERSION "2.10"
| #define HAVE_CXX11 1
| /* end confdefs.h.  */
| void foo() {} int main() {return 0;}
| int
| main (void)
| {
| 
|   ;
|   return 0;
| }
configure:7458: result: no
configure:7519: checking how to print strings
configure:7546: result: printf
configure:7567: checking for a sed that does not truncate output
configure:7637: result: /bin/sed
configure:7655: checking for grep that handles long lines and -e
configure:7719: result: /bin/grep
configure:7724: checking for egrep
configure:7792: result: /bin/grep -E
configure:7797: checking for fgrep
configure:7865: result: /bin/grep -F
configure:7901: checking for ld used by gcc
configure:7969: result: /var/tmp/gnu/x86_64-pc-linux-gnu/bin/ld
configure:7976: checking if the linker (/var/tmp/gnu/x86_64-pc-linux-gnu/bin/ld) is GNU ld
configure:7992: result: yes
configure:8004: checking for BSD- or MS-compatible name lister (nm)
configure:8059: result: /var/tmp/gnu/bin/nm -B
configure:8199: checking the name lister (/var/tmp/gnu/bin/nm -B) interface
configure:8207: gcc -c -g -O2  conftest.c >&5
configure:8210: /var/tmp/gnu/bin/nm -B "conftest.o"
configure:8213: output
0000000000000000 B some_variable
configure:8220: result: BSD nm
configure:8223: checking whether ln -s works
configure:8227: result: yes
configure:8235: checking the maximum length of command line arguments
configure:8367: result: 3458764513820540925
configure:8415: checking how to convert x86_64-pc-linux-gnu file names to x86_64-pc-linux-gnu format
configure:8456: result: func_convert_file_noop
configure:8463: checking how to convert x86_64-pc-linux-gnu file names to toolchain format
configure:8484: result: func_convert_file_noop
configure:8491: checking for /var/tmp/gnu/x86_64-pc-linux-gnu/bin/ld option to reload object files
configure:8499: result: -r
configure:8578: checking for file
configure:8599: found /usr/bin/file
configure:8610: result: file
configure:8686: checking for objdump
configure:8707: found /var/tmp/gnu/bin/objdump
configure:8718: result: objdump
configure:8750: checking how to recognize dependent libraries
configure:8951: result: pass_all
configure:9041: checking for dlltool
configure:9076: result: no
configure:9106: checking how to associate runtime and link libraries
configure:9134: result: printf %s\n
configure:9199: checking for ar
configure:9220: found /var/tmp/gnu/bin/ar
configure:9231: result: ar
configure:9284: checking for archiver @FILE support
configure:9302: gcc -c -g -O2  conftest.c >&5
configure:9302: $? = 0
configure:9306: ar cr libconftest.a @conftest.lst >&5
configure:9309: $? = 0
configure:9314: ar cr libconftest.a @conftest.lst >&5
ar: conftest.o: No such file or directory
configure:9317: $? = 1
configure:9329: result: @
configure:9392: checking for strip
configure:9413: found /var/tmp/gnu/bin/strip
configure:9424: result: strip
configure:9501: checking for ranlib
configure:9522: found /var/tmp/gnu/bin/ranlib
configure:9533: result: ranlib
configure:9635: checking command to parse /var/tmp/gnu/bin/nm -B output from gcc object
configure:9789: gcc -c -g -O2  conftest.c >&5
configure:9792: $? = 0
configure:9796: /var/tmp/gnu/bin/nm -B conftest.o | /bin/sed -n -e 's/^.*[	 ]\([ABCDGIRSTW][ABCDGIRSTW]*\)[	 ][	 ]*\([_A-Za-z][_A-Za-z0-9]*\)$/\1 \2 \2/p' | /bin/sed '/ __gnu_lto/d' > conftest.nm
configure:9862: gcc -o conftest -g -O2   conftest.c conftstm.o >&5
configure:9865: $? = 0
configure:9903: result: ok
configure:9950: checking for sysroot
configure:9981: result: no
configure:9988: checking for a working dd
configure:10032: result: /bin/dd
configure:10036: checking how to truncate binary pipes
configure:10052: result: /bin/dd bs=4096 count=1
configure:10189: gcc -c -g -O2  conftest.c >&5
configure:10192: $? = 0
configure:10389: checking for mt
configure:10410: found /bin/mt
configure:10421: result: mt
configure:10444: checking if mt is a manifest tool
configure:10451: mt '-?'
usage: mt [-v] [--version] [-h] [ -f device ] command [ count ]
configure:10459: result: no
configure:11184: checking for stdio.h
configure:11184: gcc -c -g -O2  conftest.c >&5
configure:11184: $? = 0
configure:11184: result: yes
configure:11184: checking for stdlib.h
configure:11184: gcc -c -g -O2  conftest.c >&5
configure:11184: $? = 0
configure:11184: result: yes
configure:11184: checking for string.h
configure:11184: gcc -c -g -O2  conftest.c >&5
configure:11184: $? = 0
configure:11184: result: yes
configure:11184: checking for inttypes.h
configure:11184: gcc -c -g -O2  conftest.c >&5
configure:11184: $? = 0
configure:11184: result: yes
configure:11184: checking for stdint.h
configure:11184: gcc -c -g -O2  conftest.c >&5
configure:11184: $? = 0
configure:11184: result: yes
configure:11184: checking for strings.h
configure:11184: gcc -c -g -O2  conftest.c >&5
configure:11184: $? = 0
configure:11184: result: yes
configure:11184: checking for sys/stat.h
configure:11184: gcc -c -g -O2  conftest.c >&5
configure:11184: $? = 0
configure:11184: result: yes
configure:11184: checking for sys/types.h
configure:11184: gcc -c -g -O2  conftest.c >&5
configure:11184: $? = 0
configure:11184: result: yes
configure:11184: checking for unistd.h
configure:11184: gcc -c -g -O2  conftest.c >&5
configure:11184: $? = 0
configure:11184: result: yes
configure:11209: checking for dlfcn.h
configure:11209: gcc -c -g -O2  conftest.c >&5
configure:11209: $? = 0
configure:11209: result: yes
configure:11478: checking for objdir
configure:11494: result: .libs
configure:11758: checking if gcc supports -fno-rtti -fno-exceptions
configure:11777: gcc -c -g -O2  -fno-rtti -fno-exceptions conftest.c >&5
cc1: warning: command-line option '-fno-rtti' is valid for C++/D/ObjC++ but not for C
configure:11781: $? = 0
configure:11794: result: no
configure:12158: checking for gcc option to produce PIC
configure:12166: result: -fPIC -DPIC
configure:12174: checking if gcc PIC flag -fPIC -DPIC works
configure:12193: gcc -c -g -O2  -fPIC -DPIC -DPIC conftest.c >&5
configure:12197: $? = 0
configure:12210: result: yes
configure:12239: checking if gcc static flag -static works
configure:12268: result: yes
configure:12283: checking if gcc supports -c -o file.o
configure:12305: gcc -c -g -O2  -o out/conftest2.o conftest.c >&5
configure:12309: $? = 0
configure:12331: result: yes
configure:12339: checking if gcc supports -c -o file.o
configure:12387: result: yes
configure:12420: checking whether the gcc linker (/var/tmp/gnu/x86_64-pc-linux-gnu/bin/ld -m elf_x86_64) supports shared libraries
configure:13694: result: yes
configure:13731: checking whether -lc should be explicitly linked in
configure:13740: gcc -c -g -O2  conftest.c >&5
configure:13743: $? = 0
configure:13758: gcc -shared  -fPIC -DPIC conftest.o  -v -Wl,-soname -Wl,conftest -o conftest 2\>\&1 \| /bin/grep  -lc  \>/dev/null 2\>\&1
configure:13761: $? = 0
configure:13775: result: no
configure:13935: checking dynamic linker characteristics
configure:14517: gcc -o conftest -g -O2   -Wl,-rpath -Wl,/foo conftest.c  >&5
configure:14517: $? = 0
configure:14768: result: GNU/Linux ld.so
configure:14890: checking how to hardcode library paths into programs
configure:14915: result: immediate
configure:15467: checking whether stripping libraries is possible
configure:15476: result: yes
configure:15518: checking if libtool supports shared libraries
configure:15520: result: yes
configure:15523: checking whether to build shared libraries
configure:15548: result: yes
configure:15551: checking whether to build static libraries
configure:15555: result: yes
configure:15578: checking how to run the C++ preprocessor
configure:15600: g++ -std=gnu++11 -E  conftest.cpp
configure:15600: $? = 0
configure:15615: g++ -std=gnu++11 -E  conftest.cpp
conftest.cpp:24:10: fatal error: ac_nonexistent.h: No such file or directory
   24 | #include <ac_nonexistent.h>
      |          ^~~~~~~~~~~~~~~~~~
compilation terminated.
configure:15615: $? = 1
configure: failed program was:
| /* confdefs.h */
| #define PACKAGE_NAME "gperftools"
| #define PACKAGE_TARNAME "gperftools"
| #define PACKAGE_VERSION "2.10"
| #define PACKAGE_STRING "gperftools 2.10"
| #define PACKAGE_BUGREPORT "gperftools@googlegroups.com"
| #define PACKAGE_URL ""
| #define PACKAGE "gperftools"
| #define VERSION "2.10"
| #define HAVE_CXX11 1
| #define HAVE_STDIO_H 1
| #define HAVE_STDLIB_H 1
| #define HAVE_STRING_H 1
| #define HAVE_INTTYPES_H 1
| #define HAVE_STDINT_H 1
| #define HAVE_STRINGS_H 1
| #define HAVE_SYS_STAT_H 1
| #define HAVE_SYS_TYPES_H 1
| #define HAVE_UNISTD_H 1
| #define STDC_HEADERS 1
| #define HAVE_DLFCN_H 1
| #define LT_OBJDIR ".libs/"
| /* end confdefs.h.  */
| #include <ac_nonexistent.h>
configure:15642: result: g++ -std=gnu++11 -E
configure:15656: g++ -std=gnu++11 -E  conftest.cpp
configure:15656: $? = 0
configure:15671: g++ -std=gnu++11 -E  conftest.cpp
conftest.cpp:24:10: fatal error: ac_nonexistent.h: No such file or directory
   24 | #include <ac_nonexistent.h>
      |          ^~~~~~~~~~~~~~~~~~
compilation terminated.
configure:15671: $? = 1
configure: failed program was:
| /* confdefs.h */
| #define PACKAGE_NAME "gperftools"
| #define PACKAGE_TARNAME "gperftools"
| #define PACKAGE_VERSION "2.10"
| #define PACKAGE_STRING "gperftools 2.10"
| #define PACKAGE_BUGREPORT "gperftools@googlegroups.com"
| #define PACKAGE_URL ""
| #define PACKAGE "gperftools"
| #define VERSION "2.10"
| #define HAVE_CXX11 1
| #define HAVE_STDIO_H 1
| #define HAVE_STDLIB_H 1
| #define HAVE_STRING_H 1
| #define HAVE_INTTYPES_H 1
| #define HAVE_STDINT_H 1
| #define HAVE_STRINGS_H 1
| #define HAVE_SYS_STAT_H 1
| #define HAVE_SYS_TYPES_H 1
| #define HAVE_UNISTD_H 1
| #define STDC_HEADERS 1
| #define HAVE_DLFCN_H 1
| #define LT_OBJDIR ".libs/"
| /* end confdefs.h.  */
| #include <ac_nonexistent.h>
configure:15836: checking for ld used by g++ -std=gnu++11
configure:15904: result: /var/tmp/gnu/x86_64-pc-linux-gnu/bin/ld -m elf_x86_64
configure:15911: checking if the linker (/var/tmp/gnu/x86_64-pc-linux-gnu/bin/ld -m elf_x86_64) is GNU ld
configure:15927: result: yes
configure:15982: checking whether the g++ -std=gnu++11 linker (/var/tmp/gnu/x86_64-pc-linux-gnu/bin/ld -m elf_x86_64) supports shared libraries
configure:17060: result: yes
configure:17096: g++ -std=gnu++11 -c -g -O2  conftest.cpp >&5
configure:17099: $? = 0
configure:17580: checking for g++ -std=gnu++11 option to produce PIC
configure:17588: result: -fPIC -DPIC
configure:17596: checking if g++ -std=gnu++11 PIC flag -fPIC -DPIC works
configure:17615: g++ -std=gnu++11 -c -g -O2  -fPIC -DPIC -DPIC conftest.cpp >&5
configure:17619: $? = 0
configure:17632: result: yes
configure:17655: checking if g++ -std=gnu++11 static flag -static works
configure:17684: result: yes
configure:17696: checking if g++ -std=gnu++11 supports -c -o file.o
configure:17718: g++ -std=gnu++11 -c -g -O2  -o out/conftest2.o conftest.cpp >&5
configure:17722: $? = 0
configure:17744: result: yes
configure:17749: checking if g++ -std=gnu++11 supports -c -o file.o
configure:17797: result: yes
configure:17827: checking whether the g++ -std=gnu++11 linker (/var/tmp/gnu/x86_64-pc-linux-gnu/bin/ld -m elf_x86_64) supports shared libraries
configure:17870: result: yes
configure:18012: checking dynamic linker characteristics
configure:18772: result: GNU/Linux ld.so
configure:18837: checking how to hardcode library paths into programs
configure:18862: result: immediate
configure:18925: checking for __attribute__
configure:18945: gcc -c -g -O2  conftest.c >&5
configure:18945: $? = 0
configure:18960: result: yes
configure:18964: checking for __attribute__((aligned(N))) on functions
configure:18984: gcc -c -g -O2  conftest.c >&5
configure:18984: $? = 0
configure:18999: result: yes
configure:19007: checking for egrep
configure:19075: result: /bin/grep -E
configure:19083: checking for struct mallinfo
configure:19083: gcc -c -g -O2  conftest.c >&5
configure:19083: $? = 0
configure:19083: gcc -c -g -O2  conftest.c >&5
conftest.c: In function 'main':
conftest.c:31:30: error: expected expression before ')' token
   31 | if (sizeof ((struct mallinfo)))
      |                              ^
configure:19083: $? = 1
configure: failed program was:
| /* confdefs.h */
| #define PACKAGE_NAME "gperftools"
| #define PACKAGE_TARNAME "gperftools"
| #define PACKAGE_VERSION "2.10"
| #define PACKAGE_STRING "gperftools 2.10"
| #define PACKAGE_BUGREPORT "gperftools@googlegroups.com"
| #define PACKAGE_URL ""
| #define PACKAGE "gperftools"
| #define VERSION "2.10"
| #define HAVE_CXX11 1
| #define HAVE_STDIO_H 1
| #define HAVE_STDLIB_H 1
| #define HAVE_STRING_H 1
| #define HAVE_INTTYPES_H 1
| #define HAVE_STDINT_H 1
| #define HAVE_STRINGS_H 1
| #define HAVE_SYS_STAT_H 1
| #define HAVE_SYS_TYPES_H 1
| #define HAVE_UNISTD_H 1
| #define STDC_HEADERS 1
| #define HAVE_DLFCN_H 1
| #define LT_OBJDIR ".libs/"
| #define HAVE___ATTRIBUTE__ 1
| #define HAVE___ATTRIBUTE__ALIGNED_FN 1
| /* end confdefs.h.  */
| #include <malloc.h>
| 
| int
| main (void)
| {
| if (sizeof ((struct mallinfo)))
| 	    return 0;
|   ;
|   return 0;
| }
configure:19083: result: yes
configure:19093: checking for Elf32_Versym
configure:19093: gcc -c -g -O2  conftest.c >&5
configure:19093: $? = 0
configure:19093: gcc -c -g -O2  conftest.c >&5
conftest.c: In function 'main':
conftest.c:32:27: error: expected expression before ')' token
   32 | if (sizeof ((Elf32_Versym)))
      |                           ^
configure:19093: $? = 1
configure: failed program was:
| /* confdefs.h */
| #define PACKAGE_NAME "gperftools"
| #define PACKAGE_TARNAME "gperftools"
| #define PACKAGE_VERSION "2.10"
| #define PACKAGE_STRING "gperftools 2.10"
| #define PACKAGE_BUGREPORT "gperftools@googlegroups.com"
| #define PACKAGE_URL ""
| #define PACKAGE "gperftools"
| #define VERSION "2.10"
| #define HAVE_CXX11 1
| #define HAVE_STDIO_H 1
| #define HAVE_STDLIB_H 1
| #define HAVE_STRING_H 1
| #define HAVE_INTTYPES_H 1
| #define HAVE_STDINT_H 1
| #define HAVE_STRINGS_H 1
| #define HAVE_SYS_STAT_H 1
| #define HAVE_SYS_TYPES_H 1
| #define HAVE_UNISTD_H 1
| #define STDC_HEADERS 1
| #define HAVE_DLFCN_H 1
| #define LT_OBJDIR ".libs/"
| #define HAVE___ATTRIBUTE__ 1
| #define HAVE___ATTRIBUTE__ALIGNED_FN 1
| #define HAVE_STRUCT_MALLINFO 1
| /* end confdefs.h.  */
| #include <elf.h>
| 
| int
| main (void)
| {
| if (sizeof ((Elf32_Versym)))
| 	    return 0;
|   ;
|   return 0;
| }
configure:19093: result: yes
configure:19103: checking for sbrk
configure:19103: gcc -o conftest -g -O2   conftest.c  >&5
configure:19103: $? = 0
configure:19103: result: yes
configure:19110: checking for __sbrk
configure:19110: gcc -o conftest -g -O2   conftest.c  >&5
configure:19110: $? = 0
configure:19110: result: yes
configure:19117: checking for geteuid
configure:19117: gcc -o conftest -g -O2   conftest.c  >&5
configure:19117: $? = 0
configure:19117: result: yes
configure:19124: checking for fork
configure:19124: gcc -o conftest -g -O2   conftest.c  >&5
conftest.c:47:6: warning: conflicting types for built-in function 'fork'; expected 'int(void)' [-Wbuiltin-declaration-mismatch]
   47 | char fork ();
      |      ^~~~
configure:19124: $? = 0
configure:19124: result: yes
configure:19131: checking for features.h
configure:19131: gcc -c -g -O2  conftest.c >&5
configure:19131: $? = 0
configure:19131: result: yes
configure:19138: checking for malloc.h
configure:19138: gcc -c -g -O2  conftest.c >&5
configure:19138: $? = 0
configure:19138: result: yes
configure:19145: checking for glob.h
configure:19145: gcc -c -g -O2  conftest.c >&5
configure:19145: $? = 0
configure:19145: result: yes
configure:19152: checking for execinfo.h
configure:19152: gcc -c -g -O2  conftest.c >&5
configure:19152: $? = 0
configure:19152: result: yes
configure:19159: checking for unwind.h
configure:19159: gcc -c -g -O2  conftest.c >&5
configure:19159: $? = 0
configure:19159: result: yes
configure:19166: checking for sched.h
configure:19166: gcc -c -g -O2  conftest.c >&5
configure:19166: $? = 0
configure:19166: result: yes
configure:19173: checking for conflict-signal.h
configure:19173: gcc -c -g -O2  conftest.c >&5
conftest.c:66:10: fatal error: conflict-signal.h: No such file or directory
   66 | #include <conflict-signal.h>
      |          ^~~~~~~~~~~~~~~~~~~
compilation terminated.
configure:19173: $? = 1
configure: failed program was:
| /* confdefs.h */
| #define PACKAGE_NAME "gperftools"
| #define PACKAGE_TARNAME "gperftools"
| #define PACKAGE_VERSION "2.10"
| #define PACKAGE_STRING "gperftools 2.10"
| #define PACKAGE_BUGREPORT "gperftools@googlegroups.com"
| #define PACKAGE_URL ""
| #define PACKAGE "gperftools"
| #define VERSION "2.10"
| #define HAVE_CXX11 1
| #define HAVE_STDIO_H 1
| #define HAVE_STDLIB_H 1
| #define HAVE_STRING_H 1
| #define HAVE_INTTYPES_H 1
| #define HAVE_STDINT_H 1
| #define HAVE_STRINGS_H 1
| #define HAVE_SYS_STAT_H 1
| #define HAVE_SYS_TYPES_H 1
| #define HAVE_UNISTD_H 1
| #define STDC_HEADERS 1
| #define HAVE_DLFCN_H 1
| #define LT_OBJDIR ".libs/"
| #define HAVE___ATTRIBUTE__ 1
| #define HAVE___ATTRIBUTE__ALIGNED_FN 1
| #define HAVE_STRUCT_MALLINFO 1
| #define HAVE_ELF32_VERSYM 1
| #define HAVE_SBRK 1
| #define HAVE___SBRK 1
| #define HAVE_GETEUID 1
| #define HAVE_FORK 1
| #define HAVE_FEATURES_H 1
| #define HAVE_MALLOC_H 1
| #define HAVE_GLOB_H 1
| #define HAVE_EXECINFO_H 1
| #define HAVE_UNWIND_H 1
| #define HAVE_SCHED_H 1
| /* end confdefs.h.  */
| #include <stddef.h>
| #ifdef HAVE_STDIO_H
| # include <stdio.h>
| #endif
| #ifdef HAVE_STDLIB_H
| # include <stdlib.h>
| #endif
| #ifdef HAVE_STRING_H
| # include <string.h>
| #endif
| #ifdef HAVE_INTTYPES_H
| # include <inttypes.h>
| #endif
| #ifdef HAVE_STDINT_H
| # include <stdint.h>
| #endif
| #ifdef HAVE_STRINGS_H
| # include <strings.h>
| #endif
| #ifdef HAVE_SYS_TYPES_H
| # include <sys/types.h>
| #endif
| #ifdef HAVE_SYS_STAT_H
| # include <sys/stat.h>
| #endif
| #ifdef HAVE_UNISTD_H
| # include <unistd.h>
| #endif
| #include <conflict-signal.h>
configure:19173: result: no
configure:19180: checking for sys/prctl.h
configure:19180: gcc -c -g -O2  conftest.c >&5
configure:19180: $? = 0
configure:19180: result: yes
configure:19187: checking for linux/ptrace.h
configure:19187: gcc -c -g -O2  conftest.c >&5
configure:19187: $? = 0
configure:19187: result: yes
configure:19194: checking for sys/syscall.h
configure:19194: gcc -c -g -O2  conftest.c >&5
configure:19194: $? = 0
configure:19194: result: yes
configure:19201: checking for sys/socket.h
configure:19201: gcc -c -g -O2  conftest.c >&5
configure:19201: $? = 0
configure:19201: result: yes
configure:19208: checking for sys/wait.h
configure:19208: gcc -c -g -O2  conftest.c >&5
configure:19208: $? = 0
configure:19208: result: yes
configure:19215: checking for poll.h
configure:19215: gcc -c -g -O2  conftest.c >&5
configure:19215: $? = 0
configure:19215: result: yes
configure:19222: checking for fcntl.h
configure:19222: gcc -c -g -O2  conftest.c >&5
configure:19222: $? = 0
configure:19222: result: yes
configure:19229: checking for grp.h
configure:19229: gcc -c -g -O2  conftest.c >&5
configure:19229: $? = 0
configure:19229: result: yes
configure:19236: checking for pwd.h
configure:19236: gcc -c -g -O2  conftest.c >&5
configure:19236: $? = 0
configure:19236: result: yes
configure:19243: checking for sys/resource.h
configure:19243: gcc -c -g -O2  conftest.c >&5
configure:19243: $? = 0
configure:19243: result: yes
configure:19250: checking for sys/cdefs.h
configure:19250: gcc -c -g -O2  conftest.c >&5
configure:19250: $? = 0
configure:19250: result: yes
configure:19262: checking for gcc options needed to detect all undeclared functions
configure:19284: gcc -c -g -O2   conftest.c >&5
conftest.c: In function 'main':
conftest.c:53:8: error: 'strchr' undeclared (first use in this function)
   53 | (void) strchr;
      |        ^~~~~~
conftest.c:1:1: note: 'strchr' is defined in header '<string.h>'; did you forget to '#include <string.h>'?
    1 | /* confdefs.h */
conftest.c:53:8: note: each undeclared identifier is reported only once for each function it appears in
   53 | (void) strchr;
      |        ^~~~~~
configure:19284: $? = 1
configure: failed program was:
| /* confdefs.h */
| #define PACKAGE_NAME "gperftools"
| #define PACKAGE_TARNAME "gperftools"
| #define PACKAGE_VERSION "2.10"
| #define PACKAGE_STRING "gperftools 2.10"
| #define PACKAGE_BUGREPORT "gperftools@googlegroups.com"
| #define PACKAGE_URL ""
| #define PACKAGE "gperftools"
| #define VERSION "2.10"
| #define HAVE_CXX11 1
| #define HAVE_STDIO_H 1
| #define HAVE_STDLIB_H 1
| #define HAVE_STRING_H 1
| #define HAVE_INTTYPES_H 1
| #define HAVE_STDINT_H 1
| #define HAVE_STRINGS_H 1
| #define HAVE_SYS_STAT_H 1
| #define HAVE_SYS_TYPES_H 1
| #define HAVE_UNISTD_H 1
| #define STDC_HEADERS 1
| #define HAVE_DLFCN_H 1
| #define LT_OBJDIR ".libs/"
| #define HAVE___ATTRIBUTE__ 1
| #define HAVE___ATTRIBUTE__ALIGNED_FN 1
| #define HAVE_STRUCT_MALLINFO 1
| #define HAVE_ELF32_VERSYM 1
| #define HAVE_SBRK 1
| #define HAVE___SBRK 1
| #define HAVE_GETEUID 1
| #define HAVE_FORK 1
| #define HAVE_FEATURES_H 1
| #define HAVE_MALLOC_H 1
| #define HAVE_GLOB_H 1
| #define HAVE_EXECINFO_H 1
| #define HAVE_UNWIND_H 1
| #define HAVE_SCHED_H 1
| #define HAVE_SYS_PRCTL_H 1
| #define HAVE_LINUX_PTRACE_H 1
| #define HAVE_SYS_SYSCALL_H 1
| #define HAVE_SYS_SOCKET_H 1
| #define HAVE_SYS_WAIT_H 1
| #define HAVE_POLL_H 1
| #define HAVE_FCNTL_H 1
| #define HAVE_GRP_H 1
| #define HAVE_PWD_H 1
| #define HAVE_SYS_RESOURCE_H 1
| #define HAVE_SYS_CDEFS_H 1
| /* end confdefs.h.  */
| 
| int
| main (void)
| {
| (void) strchr;
|   ;
|   return 0;
| }
configure:19311: gcc -c -g -O2   conftest.c >&5
configure:19311: $? = 0
configure:19328: result: none needed
configure:19342: checking whether cfree is declared
configure:19342: gcc -c -g -O2   conftest.c >&5
configure:19342: $? = 0
configure:19342: result: yes
configure:19353: checking whether posix_memalign is declared
configure:19353: gcc -c -g -O2   conftest.c >&5
configure:19353: $? = 0
configure:19353: result: yes
configure:19364: checking whether memalign is declared
configure:19364: gcc -c -g -O2   conftest.c >&5
configure:19364: $? = 0
configure:19364: result: yes
configure:19375: checking whether valloc is declared
configure:19375: gcc -c -g -O2   conftest.c >&5
configure:19375: $? = 0
configure:19375: result: yes
configure:19386: checking whether pvalloc is declared
configure:19386: gcc -c -g -O2   conftest.c >&5
configure:19386: $? = 0
configure:19386: result: yes
configure:19421: checking if int32_t is the same type as intptr_t
configure:19434: gcc -c -g -O2  conftest.c >&5
conftest.c: In function 'main':
conftest.c:59:46: error: invalid operands to binary - (have 'int32_t *' {aka 'int *'} and 'intptr_t *' {aka 'long int *'})
   59 | int32_t v1 = 0; intptr_t v2 = 0; return (&v1 - &v2)
      |                                          ~~~ ^ ~~~
      |                                          |     |
      |                                          |     intptr_t * {aka long int *}
      |                                          int32_t * {aka int *}
configure:19434: $? = 1
configure: failed program was:
| /* confdefs.h */
| #define PACKAGE_NAME "gperftools"
| #define PACKAGE_TARNAME "gperftools"
| #define PACKAGE_VERSION "2.10"
| #define PACKAGE_STRING "gperftools 2.10"
| #define PACKAGE_BUGREPORT "gperftools@googlegroups.com"
| #define PACKAGE_URL ""
| #define PACKAGE "gperftools"
| #define VERSION "2.10"
| #define HAVE_CXX11 1
| #define HAVE_STDIO_H 1
| #define HAVE_STDLIB_H 1
| #define HAVE_STRING_H 1
| #define HAVE_INTTYPES_H 1
| #define HAVE_STDINT_H 1
| #define HAVE_STRINGS_H 1
| #define HAVE_SYS_STAT_H 1
| #define HAVE_SYS_TYPES_H 1
| #define HAVE_UNISTD_H 1
| #define STDC_HEADERS 1
| #define HAVE_DLFCN_H 1
| #define LT_OBJDIR ".libs/"
| #define HAVE___ATTRIBUTE__ 1
| #define HAVE___ATTRIBUTE__ALIGNED_FN 1
| #define HAVE_STRUCT_MALLINFO 1
| #define HAVE_ELF32_VERSYM 1
| #define HAVE_SBRK 1
| #define HAVE___SBRK 1
| #define HAVE_GETEUID 1
| #define HAVE_FORK 1
| #define HAVE_FEATURES_H 1
| #define HAVE_MALLOC_H 1
| #define HAVE_GLOB_H 1
| #define HAVE_EXECINFO_H 1
| #define HAVE_UNWIND_H 1
| #define HAVE_SCHED_H 1
| #define HAVE_SYS_PRCTL_H 1
| #define HAVE_LINUX_PTRACE_H 1
| #define HAVE_SYS_SYSCALL_H 1
| #define HAVE_SYS_SOCKET_H 1
| #define HAVE_SYS_WAIT_H 1
| #define HAVE_POLL_H 1
| #define HAVE_FCNTL_H 1
| #define HAVE_GRP_H 1
| #define HAVE_PWD_H 1
| #define HAVE_SYS_RESOURCE_H 1
| #define HAVE_SYS_CDEFS_H 1
| #define HAVE_DECL_CFREE 1
| #define HAVE_DECL_POSIX_MEMALIGN 1
| #define HAVE_DECL_MEMALIGN 1
| #define HAVE_DECL_VALLOC 1
| #define HAVE_DECL_PVALLOC 1
| #define HAVE_MMAP 1
| /* end confdefs.h.  */
| #include <stdint.h>
| int
| main (void)
| {
| int32_t v1 = 0; intptr_t v2 = 0; return (&v1 - &v2)
|   ;
|   return 0;
| }
configure:19442: result: no
configure:19690: checking for libunwind.h
configure:19690: gcc -c -g -O2  conftest.c >&5
conftest.c:83:10: fatal error: libunwind.h: No such file or directory
   83 | #include <libunwind.h>
      |          ^~~~~~~~~~~~~
compilation terminated.
configure:19690: $? = 1
configure: failed program was:
| /* confdefs.h */
| #define PACKAGE_NAME "gperftools"
| #define PACKAGE_TARNAME "gperftools"
| #define PACKAGE_VERSION "2.10"
| #define PACKAGE_STRING "gperftools 2.10"
| #define PACKAGE_BUGREPORT "gperftools@googlegroups.com"
| #define PACKAGE_URL ""
| #define PACKAGE "gperftools"
| #define VERSION "2.10"
| #define HAVE_CXX11 1
| #define HAVE_STDIO_H 1
| #define HAVE_STDLIB_H 1
| #define HAVE_STRING_H 1
| #define HAVE_INTTYPES_H 1
| #define HAVE_STDINT_H 1
| #define HAVE_STRINGS_H 1
| #define HAVE_SYS_STAT_H 1
| #define HAVE_SYS_TYPES_H 1
| #define HAVE_UNISTD_H 1
| #define STDC_HEADERS 1
| #define HAVE_DLFCN_H 1
| #define LT_OBJDIR ".libs/"
| #define HAVE___ATTRIBUTE__ 1
| #define HAVE___ATTRIBUTE__ALIGNED_FN 1
| #define HAVE_STRUCT_MALLINFO 1
| #define HAVE_ELF32_VERSYM 1
| #define HAVE_SBRK 1
| #define HAVE___SBRK 1
| #define HAVE_GETEUID 1
| #define HAVE_FORK 1
| #define HAVE_FEATURES_H 1
| #define HAVE_MALLOC_H 1
| #define HAVE_GLOB_H 1
| #define HAVE_EXECINFO_H 1
| #define HAVE_UNWIND_H 1
| #define HAVE_SCHED_H 1
| #define HAVE_SYS_PRCTL_H 1
| #define HAVE_LINUX_PTRACE_H 1
| #define HAVE_SYS_SYSCALL_H 1
| #define HAVE_SYS_SOCKET_H 1
| #define HAVE_SYS_WAIT_H 1
| #define HAVE_POLL_H 1
| #define HAVE_FCNTL_H 1
| #define HAVE_GRP_H 1
| #define HAVE_PWD_H 1
| #define HAVE_SYS_RESOURCE_H 1
| #define HAVE_SYS_CDEFS_H 1
| #define HAVE_DECL_CFREE 1
| #define HAVE_DECL_POSIX_MEMALIGN 1
| #define HAVE_DECL_MEMALIGN 1
| #define HAVE_DECL_VALLOC 1
| #define HAVE_DECL_PVALLOC 1
| #define HAVE_MMAP 1
| /* end confdefs.h.  */
| #include <stddef.h>
| #ifdef HAVE_STDIO_H
| # include <stdio.h>
| #endif
| #ifdef HAVE_STDLIB_H
| # include <stdlib.h>
| #endif
| #ifdef HAVE_STRING_H
| # include <string.h>
| #endif
| #ifdef HAVE_INTTYPES_H
| # include <inttypes.h>
| #endif
| #ifdef HAVE_STDINT_H
| # include <stdint.h>
| #endif
| #ifdef HAVE_STRINGS_H
| # include <strings.h>
| #endif
| #ifdef HAVE_SYS_TYPES_H
| # include <sys/types.h>
| #endif
| #ifdef HAVE_SYS_STAT_H
| # include <sys/stat.h>
| #endif
| #ifdef HAVE_UNISTD_H
| # include <unistd.h>
| #endif
| #include <libunwind.h>
configure:19690: result: no
configure:19759: checking for x86 without frame pointers
configure:19772: gcc -c -g -O2  conftest.c >&5
configure:19772: $? = 0
configure:19792: result: yes
configure:19808: gcc -c -g -O2  conftest.c >&5
conftest.c: In function 'main':
conftest.c:59:8: error: '__i386__' undeclared (first use in this function)
   59 | return __i386__ == 1 ? 0 : 1
      |        ^~~~~~~~
conftest.c:59:8: note: each undeclared identifier is reported only once for each function it appears in
configure:19808: $? = 1
configure: failed program was:
| /* confdefs.h */
| #define PACKAGE_NAME "gperftools"
| #define PACKAGE_TARNAME "gperftools"
| #define PACKAGE_VERSION "2.10"
| #define PACKAGE_STRING "gperftools 2.10"
| #define PACKAGE_BUGREPORT "gperftools@googlegroups.com"
| #define PACKAGE_URL ""
| #define PACKAGE "gperftools"
| #define VERSION "2.10"
| #define HAVE_CXX11 1
| #define HAVE_STDIO_H 1
| #define HAVE_STDLIB_H 1
| #define HAVE_STRING_H 1
| #define HAVE_INTTYPES_H 1
| #define HAVE_STDINT_H 1
| #define HAVE_STRINGS_H 1
| #define HAVE_SYS_STAT_H 1
| #define HAVE_SYS_TYPES_H 1
| #define HAVE_UNISTD_H 1
| #define STDC_HEADERS 1
| #define HAVE_DLFCN_H 1
| #define LT_OBJDIR ".libs/"
| #define HAVE___ATTRIBUTE__ 1
| #define HAVE___ATTRIBUTE__ALIGNED_FN 1
| #define HAVE_STRUCT_MALLINFO 1
| #define HAVE_ELF32_VERSYM 1
| #define HAVE_SBRK 1
| #define HAVE___SBRK 1
| #define HAVE_GETEUID 1
| #define HAVE_FORK 1
| #define HAVE_FEATURES_H 1
| #define HAVE_MALLOC_H 1
| #define HAVE_GLOB_H 1
| #define HAVE_EXECINFO_H 1
| #define HAVE_UNWIND_H 1
| #define HAVE_SCHED_H 1
| #define HAVE_SYS_PRCTL_H 1
| #define HAVE_LINUX_PTRACE_H 1
| #define HAVE_SYS_SYSCALL_H 1
| #define HAVE_SYS_SOCKET_H 1
| #define HAVE_SYS_WAIT_H 1
| #define HAVE_POLL_H 1
| #define HAVE_FCNTL_H 1
| #define HAVE_GRP_H 1
| #define HAVE_PWD_H 1
| #define HAVE_SYS_RESOURCE_H 1
| #define HAVE_SYS_CDEFS_H 1
| #define HAVE_DECL_CFREE 1
| #define HAVE_DECL_POSIX_MEMALIGN 1
| #define HAVE_DECL_MEMALIGN 1
| #define HAVE_DECL_VALLOC 1
| #define HAVE_DECL_PVALLOC 1
| #define HAVE_MMAP 1
| /* end confdefs.h.  */
| 
| int
| main (void)
| {
| return __i386__ == 1 ? 0 : 1
|   ;
|   return 0;
| }
configure:19828: checking if the compiler supports -Wno-unused-result
configure:19856: gcc -c -g -O2 -Wno-error -Wunused-result  conftest.c >&5
conftest.c: In function 'main':
conftest.c:59:9: warning: division by zero [-Wdiv-by-zero]
   59 | return 1/0
      |         ^
configure:19856: $? = 0
configure:19865: result: yes
configure:19931: Will build sized deallocation operators that ignore size
configure:19936: checking if C++ compiler supports -fsized-deallocation
configure:19962: g++ -std=gnu++11 -o conftest -g -O2 -fsized-deallocation   conftest.cpp  >&5
configure:19962: $? = 0
configure:19978: result: yes
configure:19990: checking if C++ compiler supports std::align_val_t without options
configure:20013: g++ -std=gnu++11 -o conftest -g -O2   conftest.cpp  >&5
conftest.cpp: In function 'int main()':
conftest.cpp:59:48: error: 'align_val_t' is not a member of 'std'
   59 | (::operator delete)((::operator new)(256, std::align_val_t(16)), std::align_val_t(16))
      |                                                ^~~~~~~~~~~
conftest.cpp:59:71: error: 'align_val_t' is not a member of 'std'
   59 | (::operator delete)((::operator new)(256, std::align_val_t(16)), std::align_val_t(16))
      |                                                                       ^~~~~~~~~~~
configure:20013: $? = 1
configure: failed program was:
| /* confdefs.h */
| #define PACKAGE_NAME "gperftools"
| #define PACKAGE_TARNAME "gperftools"
| #define PACKAGE_VERSION "2.10"
| #define PACKAGE_STRING "gperftools 2.10"
| #define PACKAGE_BUGREPORT "gperftools@googlegroups.com"
| #define PACKAGE_URL ""
| #define PACKAGE "gperftools"
| #define VERSION "2.10"
| #define HAVE_CXX11 1
| #define HAVE_STDIO_H 1
| #define HAVE_STDLIB_H 1
| #define HAVE_STRING_H 1
| #define HAVE_INTTYPES_H 1
| #define HAVE_STDINT_H 1
| #define HAVE_STRINGS_H 1
| #define HAVE_SYS_STAT_H 1
| #define HAVE_SYS_TYPES_H 1
| #define HAVE_UNISTD_H 1
| #define STDC_HEADERS 1
| #define HAVE_DLFCN_H 1
| #define LT_OBJDIR ".libs/"
| #define HAVE___ATTRIBUTE__ 1
| #define HAVE___ATTRIBUTE__ALIGNED_FN 1
| #define HAVE_STRUCT_MALLINFO 1
| #define HAVE_ELF32_VERSYM 1
| #define HAVE_SBRK 1
| #define HAVE___SBRK 1
| #define HAVE_GETEUID 1
| #define HAVE_FORK 1
| #define HAVE_FEATURES_H 1
| #define HAVE_MALLOC_H 1
| #define HAVE_GLOB_H 1
| #define HAVE_EXECINFO_H 1
| #define HAVE_UNWIND_H 1
| #define HAVE_SCHED_H 1
| #define HAVE_SYS_PRCTL_H 1
| #define HAVE_LINUX_PTRACE_H 1
| #define HAVE_SYS_SYSCALL_H 1
| #define HAVE_SYS_SOCKET_H 1
| #define HAVE_SYS_WAIT_H 1
| #define HAVE_POLL_H 1
| #define HAVE_FCNTL_H 1
| #define HAVE_GRP_H 1
| #define HAVE_PWD_H 1
| #define HAVE_SYS_RESOURCE_H 1
| #define HAVE_SYS_CDEFS_H 1
| #define HAVE_DECL_CFREE 1
| #define HAVE_DECL_POSIX_MEMALIGN 1
| #define HAVE_DECL_MEMALIGN 1
| #define HAVE_DECL_VALLOC 1
| #define HAVE_DECL_PVALLOC 1
| #define HAVE_MMAP 1
| /* end confdefs.h.  */
| #include <new>
| int
| main (void)
| {
| (::operator delete)((::operator new)(256, std::align_val_t(16)), std::align_val_t(16))
|   ;
|   return 0;
| }
configure:20028: result: no
configure:20031: checking if C++ compiler supports -faligned-new
configure:20056: g++ -std=gnu++11 -o conftest -g -O2 -faligned-new   conftest.cpp  >&5
configure:20056: $? = 0
configure:20072: result: yes
configure:20089: Will build new/delete operators for overaligned types
configure:20105: checking if target has _Unwind_Backtrace
configure:20132: g++ -std=gnu++11 -c -g -O2  conftest.cpp >&5
configure:20132: $? = 0
configure:20146: result: yes
configure:20198: checking for __environ
configure:20211: gcc -o conftest -g -O2   conftest.c  >&5
configure:20211: $? = 0
configure:20216: result: yes
configure:20236: checking for __thread
configure:20256: gcc -o conftest -g -O2   conftest.c  >&5
configure:20256: $? = 0
configure:20261: result: yes
configure:20274: checking if nanosleep requires any libraries
configure:20297: gcc -o conftest -g -O2   conftest.c  >&5
configure:20297: $? = 0
configure:20332: result: no
configure:20523: checking for the pthreads library -lpthreads
configure:20556: gcc -o conftest -g -O2    conftest.c -lpthreads  >&5
/var/tmp/gnu/lib/gcc/x86_64-pc-linux-gnu/10.3.0/../../../../x86_64-pc-linux-gnu/bin/ld: cannot find -lpthreads
collect2: error: ld returned 1 exit status
configure:20556: $? = 1
configure: failed program was:
| /* confdefs.h */
| #define PACKAGE_NAME "gperftools"
| #define PACKAGE_TARNAME "gperftools"
| #define PACKAGE_VERSION "2.10"
| #define PACKAGE_STRING "gperftools 2.10"
| #define PACKAGE_BUGREPORT "gperftools@googlegroups.com"
| #define PACKAGE_URL ""
| #define PACKAGE "gperftools"
| #define VERSION "2.10"
| #define HAVE_CXX11 1
| #define HAVE_STDIO_H 1
| #define HAVE_STDLIB_H 1
| #define HAVE_STRING_H 1
| #define HAVE_INTTYPES_H 1
| #define HAVE_STDINT_H 1
| #define HAVE_STRINGS_H 1
| #define HAVE_SYS_STAT_H 1
| #define HAVE_SYS_TYPES_H 1
| #define HAVE_UNISTD_H 1
| #define STDC_HEADERS 1
| #define HAVE_DLFCN_H 1
| #define LT_OBJDIR ".libs/"
| #define HAVE___ATTRIBUTE__ 1
| #define HAVE___ATTRIBUTE__ALIGNED_FN 1
| #define HAVE_STRUCT_MALLINFO 1
| #define HAVE_ELF32_VERSYM 1
| #define HAVE_SBRK 1
| #define HAVE___SBRK 1
| #define HAVE_GETEUID 1
| #define HAVE_FORK 1
| #define HAVE_FEATURES_H 1
| #define HAVE_MALLOC_H 1
| #define HAVE_GLOB_H 1
| #define HAVE_EXECINFO_H 1
| #define HAVE_UNWIND_H 1
| #define HAVE_SCHED_H 1
| #define HAVE_SYS_PRCTL_H 1
| #define HAVE_LINUX_PTRACE_H 1
| #define HAVE_SYS_SYSCALL_H 1
| #define HAVE_SYS_SOCKET_H 1
| #define HAVE_SYS_WAIT_H 1
| #define HAVE_POLL_H 1
| #define HAVE_FCNTL_H 1
| #define HAVE_GRP_H 1
| #define HAVE_PWD_H 1
| #define HAVE_SYS_RESOURCE_H 1
| #define HAVE_SYS_CDEFS_H 1
| #define HAVE_DECL_CFREE 1
| #define HAVE_DECL_POSIX_MEMALIGN 1
| #define HAVE_DECL_MEMALIGN 1
| #define HAVE_DECL_VALLOC 1
| #define HAVE_DECL_PVALLOC 1
| #define HAVE_MMAP 1
| #define ENABLE_ALIGNED_NEW_DELETE 1
| #define HAVE_UNWIND_BACKTRACE 1
| #define HAVE___ENVIRON 1
| #define HAVE_TLS 1
| /* end confdefs.h.  */
| #include <pthread.h>
| int
| main (void)
| {
| pthread_t th; pthread_join(th, 0);
|                      pthread_attr_init(0); pthread_cleanup_push(0, 0);
|                      pthread_create(0,0,0,0); pthread_cleanup_pop(0);
|   ;
|   return 0;
| }
configure:20566: result: no
configure:20463: checking whether pthreads work without any flags
configure:20556: gcc -o conftest -g -O2    conftest.c   >&5
/var/tmp/gnu/lib/gcc/x86_64-pc-linux-gnu/10.3.0/../../../../x86_64-pc-linux-gnu/bin/ld: /tmp/cc3zJtCB.o: in function `main':
/var/tmp/usr/FIRE/extra/gperftools-2.10/conftest.c:63: undefined reference to `pthread_join'
/var/tmp/gnu/lib/gcc/x86_64-pc-linux-gnu/10.3.0/../../../../x86_64-pc-linux-gnu/bin/ld: /var/tmp/usr/FIRE/extra/gperftools-2.10/conftest.c:64: undefined reference to `__pthread_register_cancel'
/var/tmp/gnu/lib/gcc/x86_64-pc-linux-gnu/10.3.0/../../../../x86_64-pc-linux-gnu/bin/ld: /var/tmp/usr/FIRE/extra/gperftools-2.10/conftest.c:65: undefined reference to `pthread_create'
/var/tmp/gnu/lib/gcc/x86_64-pc-linux-gnu/10.3.0/../../../../x86_64-pc-linux-gnu/bin/ld: /var/tmp/usr/FIRE/extra/gperftools-2.10/conftest.c:65: undefined reference to `__pthread_unregister_cancel'
collect2: error: ld returned 1 exit status
configure:20556: $? = 1
configure: failed program was:
| /* confdefs.h */
| #define PACKAGE_NAME "gperftools"
| #define PACKAGE_TARNAME "gperftools"
| #define PACKAGE_VERSION "2.10"
| #define PACKAGE_STRING "gperftools 2.10"
| #define PACKAGE_BUGREPORT "gperftools@googlegroups.com"
| #define PACKAGE_URL ""
| #define PACKAGE "gperftools"
| #define VERSION "2.10"
| #define HAVE_CXX11 1
| #define HAVE_STDIO_H 1
| #define HAVE_STDLIB_H 1
| #define HAVE_STRING_H 1
| #define HAVE_INTTYPES_H 1
| #define HAVE_STDINT_H 1
| #define HAVE_STRINGS_H 1
| #define HAVE_SYS_STAT_H 1
| #define HAVE_SYS_TYPES_H 1
| #define HAVE_UNISTD_H 1
| #define STDC_HEADERS 1
| #define HAVE_DLFCN_H 1
| #define LT_OBJDIR ".libs/"
| #define HAVE___ATTRIBUTE__ 1
| #define HAVE___ATTRIBUTE__ALIGNED_FN 1
| #define HAVE_STRUCT_MALLINFO 1
| #define HAVE_ELF32_VERSYM 1
| #define HAVE_SBRK 1
| #define HAVE___SBRK 1
| #define HAVE_GETEUID 1
| #define HAVE_FORK 1
| #define HAVE_FEATURES_H 1
| #define HAVE_MALLOC_H 1
| #define HAVE_GLOB_H 1
| #define HAVE_EXECINFO_H 1
| #define HAVE_UNWIND_H 1
| #define HAVE_SCHED_H 1
| #define HAVE_SYS_PRCTL_H 1
| #define HAVE_LINUX_PTRACE_H 1
| #define HAVE_SYS_SYSCALL_H 1
| #define HAVE_SYS_SOCKET_H 1
| #define HAVE_SYS_WAIT_H 1
| #define HAVE_POLL_H 1
| #define HAVE_FCNTL_H 1
| #define HAVE_GRP_H 1
| #define HAVE_PWD_H 1
| #define HAVE_SYS_RESOURCE_H 1
| #define HAVE_SYS_CDEFS_H 1
| #define HAVE_DECL_CFREE 1
| #define HAVE_DECL_POSIX_MEMALIGN 1
| #define HAVE_DECL_MEMALIGN 1
| #define HAVE_DECL_VALLOC 1
| #define HAVE_DECL_PVALLOC 1
| #define HAVE_MMAP 1
| #define ENABLE_ALIGNED_NEW_DELETE 1
| #define HAVE_UNWIND_BACKTRACE 1
| #define HAVE___ENVIRON 1
| #define HAVE_TLS 1
| /* end confdefs.h.  */
| #include <pthread.h>
| int
| main (void)
| {
| pthread_t th; pthread_join(th, 0);
|                      pthread_attr_init(0); pthread_cleanup_push(0, 0);
|                      pthread_create(0,0,0,0); pthread_cleanup_pop(0);
|   ;
|   return 0;
| }
configure:20566: result: no
configure:20468: checking whether pthreads work with -Kthread
configure:20556: gcc -o conftest -g -O2 -Kthread   conftest.c   >&5
gcc: error: unrecognized command-line option '-Kthread'; did you mean '-pthread'?
configure:20556: $? = 1
configure: failed program was:
| /* confdefs.h */
| #define PACKAGE_NAME "gperftools"
| #define PACKAGE_TARNAME "gperftools"
| #define PACKAGE_VERSION "2.10"
| #define PACKAGE_STRING "gperftools 2.10"
| #define PACKAGE_BUGREPORT "gperftools@googlegroups.com"
| #define PACKAGE_URL ""
| #define PACKAGE "gperftools"
| #define VERSION "2.10"
| #define HAVE_CXX11 1
| #define HAVE_STDIO_H 1
| #define HAVE_STDLIB_H 1
| #define HAVE_STRING_H 1
| #define HAVE_INTTYPES_H 1
| #define HAVE_STDINT_H 1
| #define HAVE_STRINGS_H 1
| #define HAVE_SYS_STAT_H 1
| #define HAVE_SYS_TYPES_H 1
| #define HAVE_UNISTD_H 1
| #define STDC_HEADERS 1
| #define HAVE_DLFCN_H 1
| #define LT_OBJDIR ".libs/"
| #define HAVE___ATTRIBUTE__ 1
| #define HAVE___ATTRIBUTE__ALIGNED_FN 1
| #define HAVE_STRUCT_MALLINFO 1
| #define HAVE_ELF32_VERSYM 1
| #define HAVE_SBRK 1
| #define HAVE___SBRK 1
| #define HAVE_GETEUID 1
| #define HAVE_FORK 1
| #define HAVE_FEATURES_H 1
| #define HAVE_MALLOC_H 1
| #define HAVE_GLOB_H 1
| #define HAVE_EXECINFO_H 1
| #define HAVE_UNWIND_H 1
| #define HAVE_SCHED_H 1
| #define HAVE_SYS_PRCTL_H 1
| #define HAVE_LINUX_PTRACE_H 1
| #define HAVE_SYS_SYSCALL_H 1
| #define HAVE_SYS_SOCKET_H 1
| #define HAVE_SYS_WAIT_H 1
| #define HAVE_POLL_H 1
| #define HAVE_FCNTL_H 1
| #define HAVE_GRP_H 1
| #define HAVE_PWD_H 1
| #define HAVE_SYS_RESOURCE_H 1
| #define HAVE_SYS_CDEFS_H 1
| #define HAVE_DECL_CFREE 1
| #define HAVE_DECL_POSIX_MEMALIGN 1
| #define HAVE_DECL_MEMALIGN 1
| #define HAVE_DECL_VALLOC 1
| #define HAVE_DECL_PVALLOC 1
| #define HAVE_MMAP 1
| #define ENABLE_ALIGNED_NEW_DELETE 1
| #define HAVE_UNWIND_BACKTRACE 1
| #define HAVE___ENVIRON 1
| #define HAVE_TLS 1
| /* end confdefs.h.  */
| #include <pthread.h>
| int
| main (void)
| {
| pthread_t th; pthread_join(th, 0);
|                      pthread_attr_init(0); pthread_cleanup_push(0, 0);
|                      pthread_create(0,0,0,0); pthread_cleanup_pop(0);
|   ;
|   return 0;
| }
configure:20566: result: no
configure:20468: checking whether pthreads work with -kthread
configure:20556: gcc -o conftest -g -O2 -kthread   conftest.c   >&5
gcc: error: unrecognized command-line option '-kthread'; did you mean '-pthread'?
configure:20556: $? = 1
configure: failed program was:
| /* confdefs.h */
| #define PACKAGE_NAME "gperftools"
| #define PACKAGE_TARNAME "gperftools"
| #define PACKAGE_VERSION "2.10"
| #define PACKAGE_STRING "gperftools 2.10"
| #define PACKAGE_BUGREPORT "gperftools@googlegroups.com"
| #define PACKAGE_URL ""
| #define PACKAGE "gperftools"
| #define VERSION "2.10"
| #define HAVE_CXX11 1
| #define HAVE_STDIO_H 1
| #define HAVE_STDLIB_H 1
| #define HAVE_STRING_H 1
| #define HAVE_INTTYPES_H 1
| #define HAVE_STDINT_H 1
| #define HAVE_STRINGS_H 1
| #define HAVE_SYS_STAT_H 1
| #define HAVE_SYS_TYPES_H 1
| #define HAVE_UNISTD_H 1
| #define STDC_HEADERS 1
| #define HAVE_DLFCN_H 1
| #define LT_OBJDIR ".libs/"
| #define HAVE___ATTRIBUTE__ 1
| #define HAVE___ATTRIBUTE__ALIGNED_FN 1
| #define HAVE_STRUCT_MALLINFO 1
| #define HAVE_ELF32_VERSYM 1
| #define HAVE_SBRK 1
| #define HAVE___SBRK 1
| #define HAVE_GETEUID 1
| #define HAVE_FORK 1
| #define HAVE_FEATURES_H 1
| #define HAVE_MALLOC_H 1
| #define HAVE_GLOB_H 1
| #define HAVE_EXECINFO_H 1
| #define HAVE_UNWIND_H 1
| #define HAVE_SCHED_H 1
| #define HAVE_SYS_PRCTL_H 1
| #define HAVE_LINUX_PTRACE_H 1
| #define HAVE_SYS_SYSCALL_H 1
| #define HAVE_SYS_SOCKET_H 1
| #define HAVE_SYS_WAIT_H 1
| #define HAVE_POLL_H 1
| #define HAVE_FCNTL_H 1
| #define HAVE_GRP_H 1
| #define HAVE_PWD_H 1
| #define HAVE_SYS_RESOURCE_H 1
| #define HAVE_SYS_CDEFS_H 1
| #define HAVE_DECL_CFREE 1
| #define HAVE_DECL_POSIX_MEMALIGN 1
| #define HAVE_DECL_MEMALIGN 1
| #define HAVE_DECL_VALLOC 1
| #define HAVE_DECL_PVALLOC 1
| #define HAVE_MMAP 1
| #define ENABLE_ALIGNED_NEW_DELETE 1
| #define HAVE_UNWIND_BACKTRACE 1
| #define HAVE___ENVIRON 1
| #define HAVE_TLS 1
| /* end confdefs.h.  */
| #include <pthread.h>
| int
| main (void)
| {
| pthread_t th; pthread_join(th, 0);
|                      pthread_attr_init(0); pthread_cleanup_push(0, 0);
|                      pthread_create(0,0,0,0); pthread_cleanup_pop(0);
|   ;
|   return 0;
| }
configure:20566: result: no
configure:20523: checking for the pthreads library -llthread
configure:20556: gcc -o conftest -g -O2    conftest.c -llthread  >&5
/var/tmp/gnu/lib/gcc/x86_64-pc-linux-gnu/10.3.0/../../../../x86_64-pc-linux-gnu/bin/ld: cannot find -llthread
collect2: error: ld returned 1 exit status
configure:20556: $? = 1
configure: failed program was:
| /* confdefs.h */
| #define PACKAGE_NAME "gperftools"
| #define PACKAGE_TARNAME "gperftools"
| #define PACKAGE_VERSION "2.10"
| #define PACKAGE_STRING "gperftools 2.10"
| #define PACKAGE_BUGREPORT "gperftools@googlegroups.com"
| #define PACKAGE_URL ""
| #define PACKAGE "gperftools"
| #define VERSION "2.10"
| #define HAVE_CXX11 1
| #define HAVE_STDIO_H 1
| #define HAVE_STDLIB_H 1
| #define HAVE_STRING_H 1
| #define HAVE_INTTYPES_H 1
| #define HAVE_STDINT_H 1
| #define HAVE_STRINGS_H 1
| #define HAVE_SYS_STAT_H 1
| #define HAVE_SYS_TYPES_H 1
| #define HAVE_UNISTD_H 1
| #define STDC_HEADERS 1
| #define HAVE_DLFCN_H 1
| #define LT_OBJDIR ".libs/"
| #define HAVE___ATTRIBUTE__ 1
| #define HAVE___ATTRIBUTE__ALIGNED_FN 1
| #define HAVE_STRUCT_MALLINFO 1
| #define HAVE_ELF32_VERSYM 1
| #define HAVE_SBRK 1
| #define HAVE___SBRK 1
| #define HAVE_GETEUID 1
| #define HAVE_FORK 1
| #define HAVE_FEATURES_H 1
| #define HAVE_MALLOC_H 1
| #define HAVE_GLOB_H 1
| #define HAVE_EXECINFO_H 1
| #define HAVE_UNWIND_H 1
| #define HAVE_SCHED_H 1
| #define HAVE_SYS_PRCTL_H 1
| #define HAVE_LINUX_PTRACE_H 1
| #define HAVE_SYS_SYSCALL_H 1
| #define HAVE_SYS_SOCKET_H 1
| #define HAVE_SYS_WAIT_H 1
| #define HAVE_POLL_H 1
| #define HAVE_FCNTL_H 1
| #define HAVE_GRP_H 1
| #define HAVE_PWD_H 1
| #define HAVE_SYS_RESOURCE_H 1
| #define HAVE_SYS_CDEFS_H 1
| #define HAVE_DECL_CFREE 1
| #define HAVE_DECL_POSIX_MEMALIGN 1
| #define HAVE_DECL_MEMALIGN 1
| #define HAVE_DECL_VALLOC 1
| #define HAVE_DECL_PVALLOC 1
| #define HAVE_MMAP 1
| #define ENABLE_ALIGNED_NEW_DELETE 1
| #define HAVE_UNWIND_BACKTRACE 1
| #define HAVE___ENVIRON 1
| #define HAVE_TLS 1
| /* end confdefs.h.  */
| #include <pthread.h>
| int
| main (void)
| {
| pthread_t th; pthread_join(th, 0);
|                      pthread_attr_init(0); pthread_cleanup_push(0, 0);
|                      pthread_create(0,0,0,0); pthread_cleanup_pop(0);
|   ;
|   return 0;
| }
configure:20566: result: no
configure:20468: checking whether pthreads work with -pthread
configure:20556: gcc -o conftest -g -O2 -pthread   conftest.c   >&5
configure:20556: $? = 0
configure:20566: result: yes
configure:20585: checking for joinable pthread attribute
configure:20600: gcc -o conftest -g -O2 -pthread   conftest.c   >&5
configure:20600: $? = 0
configure:20607: result: PTHREAD_CREATE_JOINABLE
configure:20615: checking if more special flags are required for pthreads
configure:20622: result: no
configure:20716: checking whether to check for GCC pthread/shared inconsistencies
configure:20729: gcc -o conftest -shared -fPIC -Wl,-z,defs -g -O2 -pthread   conftest.c   >&5
configure:20729: $? = 0
configure:20742: result: yes
configure:20748: checking whether -pthread is sufficient with -shared
configure:20763: gcc -o conftest -shared -fPIC -Wl,-z,defs -g -O2 -pthread   conftest.c   >&5
configure:20763: $? = 0
configure:20771: result: yes
configure:20861: checking whether what we have so far is sufficient with -nostdlib
configure:20879: gcc -o conftest -nostdlib -shared -fPIC -Wl,-z,defs -g -O2 -pthread   conftest.c   -lc >&5
/var/tmp/gnu/lib/gcc/x86_64-pc-linux-gnu/10.3.0/../../../../x86_64-pc-linux-gnu/bin/ld: /tmp/ccUtcAob.o: in function `main':
/var/tmp/usr/FIRE/extra/gperftools-2.10/conftest.c:63: undefined reference to `pthread_join'
/var/tmp/gnu/lib/gcc/x86_64-pc-linux-gnu/10.3.0/../../../../x86_64-pc-linux-gnu/bin/ld: /var/tmp/usr/FIRE/extra/gperftools-2.10/conftest.c:64: undefined reference to `__pthread_register_cancel'
/var/tmp/gnu/lib/gcc/x86_64-pc-linux-gnu/10.3.0/../../../../x86_64-pc-linux-gnu/bin/ld: /var/tmp/usr/FIRE/extra/gperftools-2.10/conftest.c:65: undefined reference to `pthread_create'
/var/tmp/gnu/lib/gcc/x86_64-pc-linux-gnu/10.3.0/../../../../x86_64-pc-linux-gnu/bin/ld: /var/tmp/usr/FIRE/extra/gperftools-2.10/conftest.c:65: undefined reference to `__pthread_unregister_cancel'
collect2: error: ld returned 1 exit status
configure:20879: $? = 1
configure: failed program was:
| /* confdefs.h */
| #define PACKAGE_NAME "gperftools"
| #define PACKAGE_TARNAME "gperftools"
| #define PACKAGE_VERSION "2.10"
| #define PACKAGE_STRING "gperftools 2.10"
| #define PACKAGE_BUGREPORT "gperftools@googlegroups.com"
| #define PACKAGE_URL ""
| #define PACKAGE "gperftools"
| #define VERSION "2.10"
| #define HAVE_CXX11 1
| #define HAVE_STDIO_H 1
| #define HAVE_STDLIB_H 1
| #define HAVE_STRING_H 1
| #define HAVE_INTTYPES_H 1
| #define HAVE_STDINT_H 1
| #define HAVE_STRINGS_H 1
| #define HAVE_SYS_STAT_H 1
| #define HAVE_SYS_TYPES_H 1
| #define HAVE_UNISTD_H 1
| #define STDC_HEADERS 1
| #define HAVE_DLFCN_H 1
| #define LT_OBJDIR ".libs/"
| #define HAVE___ATTRIBUTE__ 1
| #define HAVE___ATTRIBUTE__ALIGNED_FN 1
| #define HAVE_STRUCT_MALLINFO 1
| #define HAVE_ELF32_VERSYM 1
| #define HAVE_SBRK 1
| #define HAVE___SBRK 1
| #define HAVE_GETEUID 1
| #define HAVE_FORK 1
| #define HAVE_FEATURES_H 1
| #define HAVE_MALLOC_H 1
| #define HAVE_GLOB_H 1
| #define HAVE_EXECINFO_H 1
| #define HAVE_UNWIND_H 1
| #define HAVE_SCHED_H 1
| #define HAVE_SYS_PRCTL_H 1
| #define HAVE_LINUX_PTRACE_H 1
| #define HAVE_SYS_SYSCALL_H 1
| #define HAVE_SYS_SOCKET_H 1
| #define HAVE_SYS_WAIT_H 1
| #define HAVE_POLL_H 1
| #define HAVE_FCNTL_H 1
| #define HAVE_GRP_H 1
| #define HAVE_PWD_H 1
| #define HAVE_SYS_RESOURCE_H 1
| #define HAVE_SYS_CDEFS_H 1
| #define HAVE_DECL_CFREE 1
| #define HAVE_DECL_POSIX_MEMALIGN 1
| #define HAVE_DECL_MEMALIGN 1
| #define HAVE_DECL_VALLOC 1
| #define HAVE_DECL_PVALLOC 1
| #define HAVE_MMAP 1
| #define ENABLE_ALIGNED_NEW_DELETE 1
| #define HAVE_UNWIND_BACKTRACE 1
| #define HAVE___ENVIRON 1
| #define HAVE_TLS 1
| /* end confdefs.h.  */
| #include <pthread.h>
| int
| main (void)
| {
| pthread_t th; pthread_join(th, 0);
| 	       pthread_attr_init(0); pthread_cleanup_push(0, 0);
| 	       pthread_create(0,0,0,0); pthread_cleanup_pop(0);
|   ;
|   return 0;
| }
configure:20892: result: no
configure:20897: checking whether -lpthread saves the day
configure:20913: gcc -o conftest -nostdlib -shared -fPIC -Wl,-z,defs -g -O2 -pthread   conftest.c -lpthread   -lc >&5
configure:20913: $? = 0
configure:20923: result: yes
configure:20970: checking whether pthread symbols are available in C++ without including pthread.h
configure:20989: g++ -std=gnu++11 -o conftest -g -O2   conftest.cpp  >&5
/var/tmp/gnu/lib/gcc/x86_64-pc-linux-gnu/10.3.0/../../../../x86_64-pc-linux-gnu/bin/ld: /tmp/cc2L8gEh.o: in function `main':
/var/tmp/usr/FIRE/extra/gperftools-2.10/conftest.cpp:68: undefined reference to `pthread_join'
collect2: error: ld returned 1 exit status
configure:20989: $? = 1
configure: failed program was:
| /* confdefs.h */
| #define PACKAGE_NAME "gperftools"
| #define PACKAGE_TARNAME "gperftools"
| #define PACKAGE_VERSION "2.10"
| #define PACKAGE_STRING "gperftools 2.10"
| #define PACKAGE_BUGREPORT "gperftools@googlegroups.com"
| #define PACKAGE_URL ""
| #define PACKAGE "gperftools"
| #define VERSION "2.10"
| #define HAVE_CXX11 1
| #define HAVE_STDIO_H 1
| #define HAVE_STDLIB_H 1
| #define HAVE_STRING_H 1
| #define HAVE_INTTYPES_H 1
| #define HAVE_STDINT_H 1
| #define HAVE_STRINGS_H 1
| #define HAVE_SYS_STAT_H 1
| #define HAVE_SYS_TYPES_H 1
| #define HAVE_UNISTD_H 1
| #define STDC_HEADERS 1
| #define HAVE_DLFCN_H 1
| #define LT_OBJDIR ".libs/"
| #define HAVE___ATTRIBUTE__ 1
| #define HAVE___ATTRIBUTE__ALIGNED_FN 1
| #define HAVE_STRUCT_MALLINFO 1
| #define HAVE_ELF32_VERSYM 1
| #define HAVE_SBRK 1
| #define HAVE___SBRK 1
| #define HAVE_GETEUID 1
| #define HAVE_FORK 1
| #define HAVE_FEATURES_H 1
| #define HAVE_MALLOC_H 1
| #define HAVE_GLOB_H 1
| #define HAVE_EXECINFO_H 1
| #define HAVE_UNWIND_H 1
| #define HAVE_SCHED_H 1
| #define HAVE_SYS_PRCTL_H 1
| #define HAVE_LINUX_PTRACE_H 1
| #define HAVE_SYS_SYSCALL_H 1
| #define HAVE_SYS_SOCKET_H 1
| #define HAVE_SYS_WAIT_H 1
| #define HAVE_POLL_H 1
| #define HAVE_FCNTL_H 1
| #define HAVE_GRP_H 1
| #define HAVE_PWD_H 1
| #define HAVE_SYS_RESOURCE_H 1
| #define HAVE_SYS_CDEFS_H 1
| #define HAVE_DECL_CFREE 1
| #define HAVE_DECL_POSIX_MEMALIGN 1
| #define HAVE_DECL_MEMALIGN 1
| #define HAVE_DECL_VALLOC 1
| #define HAVE_DECL_PVALLOC 1
| #define HAVE_MMAP 1
| #define ENABLE_ALIGNED_NEW_DELETE 1
| #define HAVE_UNWIND_BACKTRACE 1
| #define HAVE___ENVIRON 1
| #define HAVE_TLS 1
| #define HAVE_PTHREAD 1
| /* end confdefs.h.  */
| 
|       #include <string>
|       #include <vector>
| 
| int
| main (void)
| {
| 
|       pthread_t th; pthread_join(th, 0);
| 
|   ;
|   return 0;
| }
configure:21002: result: no
configure:21021: checking for program_invocation_name
configure:21038: gcc -o conftest -g -O2   conftest.c  >&5
configure:21038: $? = 0
configure:21048: result: yes
configure:21268: checking for Linux SIGEV_THREAD_ID
configure:21282: gcc -c -g -O2  conftest.c >&5
configure:21282: $? = 0
configure:21288: result: yes
configure:21440: checking that generated files are newer than configure
configure:21446: result: done
configure:21561: creating ./config.status

## ---------------------- ##
## Running config.status. ##
## ---------------------- ##

This file was extended by gperftools config.status 2.10, which was
generated by GNU Autoconf 2.71.  Invocation command line was

  CONFIG_FILES    = 
  CONFIG_HEADERS  = 
  CONFIG_LINKS    = 
  CONFIG_COMMANDS = 
  $ ./config.status 

on login5

config.status:1281: creating Makefile
config.status:1281: creating src/gperftools/tcmalloc.h
config.status:1281: creating src/windows/gperftools/tcmalloc.h
config.status:1281: creating src/config.h
config.status:1510: executing depfiles commands
config.status:1587: cd .       && sed -e '/# am--include-marker/d' Makefile         | make -f - am--depfiles
make[1]: Entering directory `/var/tmp/usr/FIRE/extra/gperftools-2.10'
make[1]: Nothing to be done for `am--depfiles'.
make[1]: Leaving directory `/var/tmp/usr/FIRE/extra/gperftools-2.10'
config.status:1592: $? = 0
config.status:1510: executing libtool commands

## ---------------- ##
## Cache variables. ##
## ---------------- ##

ac_cv___attribute__=yes
ac_cv___attribute__aligned_fn=yes
ac_cv_build=x86_64-pc-linux-gnu
ac_cv_c_compiler_gnu=yes
ac_cv_c_undeclared_builtin_options='none needed'
ac_cv_cxx_compiler_gnu=yes
ac_cv_env_CCC_set=
ac_cv_env_CCC_value=
ac_cv_env_CC_set=
ac_cv_env_CC_value=
ac_cv_env_CFLAGS_set=
ac_cv_env_CFLAGS_value=
ac_cv_env_CPPFLAGS_set=
ac_cv_env_CPPFLAGS_value=
ac_cv_env_CPP_set=
ac_cv_env_CPP_value=
ac_cv_env_CXXCPP_set=
ac_cv_env_CXXCPP_value=
ac_cv_env_CXXFLAGS_set=
ac_cv_env_CXXFLAGS_value=
ac_cv_env_CXX_set=
ac_cv_env_CXX_value=
ac_cv_env_LDFLAGS_set=
ac_cv_env_LDFLAGS_value=
ac_cv_env_LIBS_set=
ac_cv_env_LIBS_value=
ac_cv_env_LT_SYS_LIBRARY_PATH_set=
ac_cv_env_LT_SYS_LIBRARY_PATH_value=
ac_cv_env_build_alias_set=
ac_cv_env_build_alias_value=
ac_cv_env_host_alias_set=
ac_cv_env_host_alias_value=
ac_cv_env_target_alias_set=
ac_cv_env_target_alias_value=
ac_cv_func___sbrk=yes
ac_cv_func_fork=yes
ac_cv_func_geteuid=yes
ac_cv_func_sbrk=yes
ac_cv_have_decl_cfree=yes
ac_cv_have_decl_memalign=yes
ac_cv_have_decl_posix_memalign=yes
ac_cv_have_decl_pvalloc=yes
ac_cv_have_decl_valloc=yes
ac_cv_have_program_invocation_name=yes
ac_cv_have_std_align_val_t=1
ac_cv_have_struct_mallinfo=1
ac_cv_header_conflict_signal_h=no
ac_cv_header_dlfcn_h=yes
ac_cv_header_execinfo_h=yes
ac_cv_header_fcntl_h=yes
ac_cv_header_features_h=yes
ac_cv_header_glob_h=yes
ac_cv_header_grp_h=yes
ac_cv_header_inttypes_h=yes
ac_cv_header_libunwind_h=no
ac_cv_header_linux_ptrace_h=yes
ac_cv_header_malloc_h=yes
ac_cv_header_poll_h=yes
ac_cv_header_pwd_h=yes
ac_cv_header_sched_h=yes
ac_cv_header_stdint_h=yes
ac_cv_header_stdio_h=yes
ac_cv_header_stdlib_h=yes
ac_cv_header_string_h=yes
ac_cv_header_strings_h=yes
ac_cv_header_sys_cdefs_h=yes
ac_cv_header_sys_prctl_h=yes
ac_cv_header_sys_resource_h=yes
ac_cv_header_sys_socket_h=yes
ac_cv_header_sys_stat_h=yes
ac_cv_header_sys_syscall_h=yes
ac_cv_header_sys_types_h=yes
ac_cv_header_sys_wait_h=yes
ac_cv_header_unistd_h=yes
ac_cv_header_unwind_h=yes
ac_cv_host=x86_64-pc-linux-gnu
ac_cv_install_prefix=/var/tmp/usr/FIRE/extra/gperftools-2.10/../../usr
ac_cv_objext=o
ac_cv_path_EGREP='/bin/grep -E'
ac_cv_path_FGREP='/bin/grep -F'
ac_cv_path_GIT=/usr/bin/git
ac_cv_path_GREP=/bin/grep
ac_cv_path_SED=/bin/sed
ac_cv_path_install='/usr/bin/install -c'
ac_cv_path_lt_DD=/bin/dd
ac_cv_path_mkdir=/bin/mkdir
ac_cv_prog_AWK=gawk
ac_cv_prog_CPP='gcc -E'
ac_cv_prog_CXXCPP='g++ -std=gnu++11 -E'
ac_cv_prog_ac_ct_AR=ar
ac_cv_prog_ac_ct_CC=gcc
ac_cv_prog_ac_ct_CXX=g++
ac_cv_prog_ac_ct_FILECMD=file
ac_cv_prog_ac_ct_MANIFEST_TOOL=mt
ac_cv_prog_ac_ct_OBJCOPY=objcopy
ac_cv_prog_ac_ct_OBJDUMP=objdump
ac_cv_prog_ac_ct_RANLIB=ranlib
ac_cv_prog_ac_ct_STRIP=strip
ac_cv_prog_cc_c11=
ac_cv_prog_cc_g=yes
ac_cv_prog_cc_stdc=
ac_cv_prog_cxx_11=no
ac_cv_prog_cxx_cxx11=
ac_cv_prog_cxx_g=yes
ac_cv_prog_cxx_stdcxx=
ac_cv_prog_make_make_set=yes
ac_cv_type_Elf32_Versym=yes
ac_cv_type_struct_mallinfo=yes
am_cv_CC_dependencies_compiler_type=gcc3
am_cv_CXX_dependencies_compiler_type=gcc3
am_cv_make_support_nested_variables=yes
am_cv_prog_cc_c_o=yes
ax_cv_cxx_compile_cxx11__std_gnupp11=yes
gpt_cv_objcopy_weaken=no
lt_cv_ar_at_file=@
lt_cv_archive_cmds_need_lc=no
lt_cv_deplibs_check_method=pass_all
lt_cv_file_magic_cmd='$MAGIC_CMD'
lt_cv_file_magic_test_file=
lt_cv_ld_reload_flag=-r
lt_cv_nm_interface='BSD nm'
lt_cv_objdir=.libs
lt_cv_path_LD=/var/tmp/gnu/x86_64-pc-linux-gnu/bin/ld
lt_cv_path_LDCXX='/var/tmp/gnu/x86_64-pc-linux-gnu/bin/ld -m elf_x86_64'
lt_cv_path_NM='/var/tmp/gnu/bin/nm -B'
lt_cv_path_mainfest_tool=no
lt_cv_prog_compiler_c_o=yes
lt_cv_prog_compiler_c_o_CXX=yes
lt_cv_prog_compiler_pic='-fPIC -DPIC'
lt_cv_prog_compiler_pic_CXX='-fPIC -DPIC'
lt_cv_prog_compiler_pic_works=yes
lt_cv_prog_compiler_pic_works_CXX=yes
lt_cv_prog_compiler_rtti_exceptions=no
lt_cv_prog_compiler_static_works=yes
lt_cv_prog_compiler_static_works_CXX=yes
lt_cv_prog_gnu_ld=yes
lt_cv_prog_gnu_ldcxx=yes
lt_cv_sharedlib_from_linklib_cmd='printf %s\n'
lt_cv_shlibpath_overrides_runpath=no
lt_cv_sys_global_symbol_pipe='/bin/sed -n -e '\''s/^.*[	 ]\([ABCDGIRSTW][ABCDGIRSTW]*\)[	 ][	 ]*\([_A-Za-z][_A-Za-z0-9]*\)$/\1 \2 \2/p'\'' | /bin/sed '\''/ __gnu_lto/d'\'''
lt_cv_sys_global_symbol_to_c_name_address='/bin/sed -n -e '\''s/^: \(.*\) .*$/  {"\1", (void *) 0},/p'\'' -e '\''s/^[ABCDGIRSTW][ABCDGIRSTW]* .* \(.*\)$/  {"\1", (void *) \&\1},/p'\'''
lt_cv_sys_global_symbol_to_c_name_address_lib_prefix='/bin/sed -n -e '\''s/^: \(.*\) .*$/  {"\1", (void *) 0},/p'\'' -e '\''s/^[ABCDGIRSTW][ABCDGIRSTW]* .* \(lib.*\)$/  {"\1", (void *) \&\1},/p'\'' -e '\''s/^[ABCDGIRSTW][ABCDGIRSTW]* .* \(.*\)$/  {"lib\1", (void *) \&\1},/p'\'''
lt_cv_sys_global_symbol_to_cdecl='/bin/sed -n -e '\''s/^T .* \(.*\)$/extern int \1();/p'\'' -e '\''s/^[ABCDGIRSTW][ABCDGIRSTW]* .* \(.*\)$/extern char \1;/p'\'''
lt_cv_sys_global_symbol_to_import=
lt_cv_sys_max_cmd_len=3458764513820540925
lt_cv_to_host_file_cmd=func_convert_file_noop
lt_cv_to_tool_file_cmd=func_convert_file_noop
lt_cv_truncate_bin='/bin/dd bs=4096 count=1'
perftools_cv_have_align_val_t=no
perftools_cv_have_f_aligned_new=yes
perftools_cv_have_unwind_backtrace=yes
perftools_cv_sized_deallocation_result=yes
perftools_cv_w_no_unused_result=yes

## ----------------- ##
## Output variables. ##
## ----------------- ##





		$(CHANGELOG_GIT_FLAGS) $(CHANGELOG_GIT_RANGE) \
		--git-dir=$(CHANGELOG_GIT_DIR) --work-tree=$(top_srcdir) log \
		| fmt --split-only >.ChangeLog.tmp; \
	$(AM_V_GEN)if $(GIT) \
	else rm -f .ChangeLog.tmp; exit 1; fi
	then mv -f .ChangeLog.tmp "$(top_distdir)/ChangeLog"; \
#
#    (exclusive). (Default: include all commits)
#    ChangeLog. (Default: various)
#  - CHANGELOG_GIT_DIR: .git directory to use. (Default: $(top_srcdir)/.git)
#  - CHANGELOG_GIT_FLAGS: General flags to pass to git-log when generating the
#  - CHANGELOG_START: git commit ID or tag name to output changelogs from
# Generate ChangeLog
# Generate a ChangeLog in $(top_distdir)
# Optional:
# git-specific
'
.PHONY: dist-ChangeLog
ACLOCAL='${SHELL} '\''/var/tmp/usr/FIRE/extra/gperftools-2.10/missing'\'' aclocal-1.16'
AMDEPBACKSLASH='\'
AMDEP_FALSE='#'
AMDEP_TRUE=''
AMTAR='$${TAR-tar}'
AM_BACKSLASH='\'
AM_DEFAULT_V='$(AM_DEFAULT_VERBOSITY)'
AM_DEFAULT_VERBOSITY='1'
AM_V='$(V)'
AR='ar'
AUTOCONF='${SHELL} '\''/var/tmp/usr/FIRE/extra/gperftools-2.10/missing'\'' autoconf'
AUTOHEADER='${SHELL} '\''/var/tmp/usr/FIRE/extra/gperftools-2.10/missing'\'' autoheader'
AUTOMAKE='${SHELL} '\''/var/tmp/usr/FIRE/extra/gperftools-2.10/missing'\'' automake-1.16'
AWK='gawk'
BUILD_EMERGENCY_MALLOC_FALSE='#'
BUILD_EMERGENCY_MALLOC_TRUE=''
CC='gcc'
CCDEPMODE='depmode=gcc3'
CFLAGS='-g -O2'
CHANGELOG_GIT_DIR ?= $(top_srcdir)/.git
CHANGELOG_GIT_FLAGS ?= --stat -M -C --name-status --no-color
CHANGELOG_GIT_RANGE =
CHANGELOG_GIT_RANGE = $(CHANGELOG_START)..
CPP='gcc -E'
CPPFLAGS=''
CSCOPE='cscope'
CTAGS='ctags'
CXX='g++ -std=gnu++11'
CXXCPP='g++ -std=gnu++11 -E'
CXXDEPMODE='depmode=gcc3'
CXXFLAGS='-g -O2'
CYGPATH_W='echo'
DEFS='-DHAVE_CONFIG_H'
DEPDIR='.deps'
DLLTOOL='false'
DSYMUTIL=''
DUMPBIN=''
ECHO_C=''
ECHO_N='-n'
ECHO_T=''
EGREP='/bin/grep -E'
ENABLE_FRAME_POINTERS_FALSE=''
ENABLE_FRAME_POINTERS_TRUE='#'
ENABLE_STATIC_FALSE='#'
ENABLE_STATIC_TRUE=''
ETAGS='etags'
EXEEXT=''
FGREP='/bin/grep -F'
FILECMD='file'
GCC_FALSE='#'
GCC_TRUE=''
GENERATE_CHANGELOG_RULES='
GIT='/usr/bin/git'
GREP='/bin/grep'
HAVE_CXX11='1'
HAVE_F_ALIGNED_NEW_FALSE='#'
HAVE_F_ALIGNED_NEW_TRUE=''
HAVE_OBJCOPY_WEAKEN_FALSE=''
HAVE_OBJCOPY_WEAKEN_TRUE='#'
HAVE_PTHREAD_DESPITE_ASKING_FOR_FALSE=''
HAVE_PTHREAD_DESPITE_ASKING_FOR_TRUE='#'
HAVE_SIZED_DEALLOCATION_FALSE='#'
HAVE_SIZED_DEALLOCATION_TRUE=''
HAVE_W_NO_UNUSED_RESULT_FALSE='#'
HAVE_W_NO_UNUSED_RESULT_TRUE=''
I386_FALSE=''
I386_TRUE='#'
INSTALL_DATA='${INSTALL} -m 644'
INSTALL_PPROF_FALSE='#'
INSTALL_PPROF_TRUE=''
INSTALL_PROGRAM='${INSTALL}'
INSTALL_SCRIPT='${INSTALL}'
INSTALL_STRIP_PROGRAM='$(install_sh) -c -s'
LD='/var/tmp/gnu/x86_64-pc-linux-gnu/bin/ld -m elf_x86_64'
LDFLAGS=''
LIBOBJS=''
LIBS=''
LIBSTDCXX_LA_LINKER_FLAG=''
LIBTOOL='$(SHELL) $(top_builddir)/libtool'
LIPO=''
LN_S='ln -s'
LTLIBOBJS=''
LT_SYS_LIBRARY_PATH=''
MAINT='#'
MAINTAINER_MODE_FALSE=''
MAINTAINER_MODE_TRUE='#'
MAKEINFO='${SHELL} '\''/var/tmp/usr/FIRE/extra/gperftools-2.10/missing'\'' makeinfo'
MANIFEST_TOOL=':'
MINGW_FALSE=''
MINGW_TRUE='#'
MKDIR_P='/bin/mkdir -p'
NANOSLEEP_LIBS=''
NM='/var/tmp/gnu/bin/nm -B'
NMEDIT=''
OBJCOPY='objcopy'
OBJDUMP='objdump'
OBJEXT='o'
OMIT_FP_BY_DEFAULT_FALSE='#'
OMIT_FP_BY_DEFAULT_TRUE=''
OSX_FALSE=''
OSX_TRUE='#'
OTOOL64=''
OTOOL=''
PACKAGE='gperftools'
PACKAGE_BUGREPORT='gperftools@googlegroups.com'
PACKAGE_NAME='gperftools'
PACKAGE_STRING='gperftools 2.10'
PACKAGE_TARNAME='gperftools'
PACKAGE_URL=''
PACKAGE_VERSION='2.10'
PATH_SEPARATOR=':'
PROFILER_SO_VERSION='5:5:5'
PTHREAD_CC='gcc'
PTHREAD_CFLAGS='-pthread'
PTHREAD_LIBS=' -lpthread'
RANLIB='ranlib'
SED='/bin/sed'
SET_MAKE=''
SHELL='/bin/sh'
STRIP='strip'
TCMALLOC_AND_PROFILER_SO_VERSION='10:5:6'
TCMALLOC_SO_VERSION='9:10:5'
TC_VERSION_MAJOR='2'
TC_VERSION_MINOR='10'
TC_VERSION_PATCH=''
UNWIND_LIBS=''
VERSION='2.10'
WITH_CPU_PROFILER_FALSE=''
WITH_CPU_PROFILER_TRUE='#'
WITH_DEBUGALLOC_FALSE='#'
WITH_DEBUGALLOC_TRUE=''
WITH_HEAP_CHECKER_FALSE=''
WITH_HEAP_CHECKER_TRUE='#'
WITH_HEAP_PROFILER_FALSE=''
WITH_HEAP_PROFILER_OR_CHECKER_FALSE=''
WITH_HEAP_PROFILER_OR_CHECKER_TRUE='#'
WITH_HEAP_PROFILER_TRUE='#'
WITH_STACK_TRACE_FALSE=''
WITH_STACK_TRACE_TRUE='#'
ac_ct_AR='ar'
ac_ct_CC='gcc'
ac_ct_CXX='g++'
ac_ct_DUMPBIN=''
ac_cv_have_std_align_val_t='1'
ac_cv_have_struct_mallinfo='1'
acx_pthread_config=''
am__EXEEXT_FALSE=''
am__EXEEXT_TRUE='#'
am__fastdepCC_FALSE='#'
am__fastdepCC_TRUE=''
am__fastdepCXX_FALSE='#'
am__fastdepCXX_TRUE=''
am__include='include'
am__isrc=''
am__leading_dot='.'
am__nodep='_no'
am__quote=''
am__tar='$${TAR-tar} chof - "$$tardir"'
am__untar='$${TAR-tar} xf -'
bindir='${exec_prefix}/bin'
build='x86_64-pc-linux-gnu'
build_alias=''
build_cpu='x86_64'
build_os='linux-gnu'
build_vendor='pc'
datadir='${datarootdir}'
datarootdir='${prefix}/share'
dist-ChangeLog:
docdir='${datarootdir}/doc/${PACKAGE_TARNAME}'
dvidir='${docdir}'
else
endif
exec_prefix='${prefix}'
host='x86_64-pc-linux-gnu'
host_alias=''
host_cpu='x86_64'
host_os='linux-gnu'
host_vendor='pc'
htmldir='${docdir}'
ifeq ($(CHANGELOG_START),)
includedir='${prefix}/include'
infodir='${datarootdir}/info'
install_sh='${SHELL} /var/tmp/usr/FIRE/extra/gperftools-2.10/install-sh'
libdir='${exec_prefix}/lib'
libexecdir='${exec_prefix}/libexec'
localedir='${datarootdir}/locale'
localstatedir='${prefix}/var'
mandir='${datarootdir}/man'
mkdir_p='$(MKDIR_P)'
oldincludedir='/usr/include'
pdfdir='${docdir}'
prefix='/var/tmp/usr/FIRE/extra/gperftools-2.10/../../usr'
program_transform_name='s,x,x,'
psdir='${docdir}'
runstatedir='${localstatedir}/run'
sbindir='${exec_prefix}/sbin'
sharedstatedir='${prefix}/com'
sysconfdir='${prefix}/etc'
target_alias=''

## ----------- ##
## confdefs.h. ##
## ----------- ##

/* confdefs.h */
#define PACKAGE_NAME "gperftools"
#define PACKAGE_TARNAME "gperftools"
#define PACKAGE_VERSION "2.10"
#define PACKAGE_STRING "gperftools 2.10"
#define PACKAGE_BUGREPORT "gperftools@googlegroups.com"
#define PACKAGE_URL ""
#define PACKAGE "gperftools"
#define VERSION "2.10"
#define HAVE_CXX11 1
#define HAVE_STDIO_H 1
#define HAVE_STDLIB_H 1
#define HAVE_STRING_H 1
#define HAVE_INTTYPES_H 1
#define HAVE_STDINT_H 1
#define HAVE_STRINGS_H 1
#define HAVE_SYS_STAT_H 1
#define HAVE_SYS_TYPES_H 1
#define HAVE_UNISTD_H 1
#define STDC_HEADERS 1
#define HAVE_DLFCN_H 1
#define LT_OBJDIR ".libs/"
#define HAVE___ATTRIBUTE__ 1
#define HAVE___ATTRIBUTE__ALIGNED_FN 1
#define HAVE_STRUCT_MALLINFO 1
#define HAVE_ELF32_VERSYM 1
#define HAVE_SBRK 1
#define HAVE___SBRK 1
#define HAVE_GETEUID 1
#define HAVE_FORK 1
#define HAVE_FEATURES_H 1
#define HAVE_MALLOC_H 1
#define HAVE_GLOB_H 1
#define HAVE_EXECINFO_H 1
#define HAVE_UNWIND_H 1
#define HAVE_SCHED_H 1
#define HAVE_SYS_PRCTL_H 1
#define HAVE_LINUX_PTRACE_H 1
#define HAVE_SYS_SYSCALL_H 1
#define HAVE_SYS_SOCKET_H 1
#define HAVE_SYS_WAIT_H 1
#define HAVE_POLL_H 1
#define HAVE_FCNTL_H 1
#define HAVE_GRP_H 1
#define HAVE_PWD_H 1
#define HAVE_SYS_RESOURCE_H 1
#define HAVE_SYS_CDEFS_H 1
#define HAVE_DECL_CFREE 1
#define HAVE_DECL_POSIX_MEMALIGN 1
#define HAVE_DECL_MEMALIGN 1
#define HAVE_DECL_VALLOC 1
#define HAVE_DECL_PVALLOC 1
#define HAVE_MMAP 1
#define ENABLE_ALIGNED_NEW_DELETE 1
#define HAVE_UNWIND_BACKTRACE 1
#define HAVE___ENVIRON 1
#define HAVE_TLS 1
#define HAVE_PTHREAD 1
#define HAVE_PROGRAM_INVOCATION_NAME 1
#define INSTALL_PREFIX "/var/tmp/usr/FIRE/extra/gperftools-2.10/../../usr"
#define PERFTOOLS_DLL_DECL /**/
#define HAVE_LINUX_SIGEV_THREAD_ID 1

configure: exit 0
